The system is: Linux - 5.4.0-150-generic - x86_64
Compiling the C compiler identification source file "CMakeCCompilerId.c" succeeded.
Compiler: /home/song/lede/staging_dir/toolchain-aarch64_cortex-a53_gcc-11.3.0_musl/bin/aarch64-openwrt-linux-musl-gcc 
Build flags: -Os;-pipe;-mcpu=cortex-a53;-fno-caller-saves;-fno-plt;-fhonour-copts;-fmacro-prefix-map=/home/song/lede/package/UA2F/openwrt/..=..;-Wformat;-Werror=format-security;-fstack-protector;-D_FORTIFY_SOURCE=1;-Wl,-z,now;-Wl,-z,relro;
Id flags:  

The output was:
0


Compilation of the C compiler identification source "CMakeCCompilerId.c" produced "a.out"

The C compiler identification is GNU, found in "/home/song/lede/package/UA2F/build/CMakeFiles/3.25.2/CompilerIdC/a.out"

Compiling the CXX compiler identification source file "CMakeCXXCompilerId.cpp" succeeded.
Compiler: /home/song/lede/staging_dir/toolchain-aarch64_cortex-a53_gcc-11.3.0_musl/bin/aarch64-openwrt-linux-musl-g++ 
Build flags: -Os;-pipe;-mcpu=cortex-a53;-fno-caller-saves;-fno-plt;-fhonour-copts;-fmacro-prefix-map=/home/song/lede/package/UA2F/openwrt/..=..;-Wformat;-Werror=format-security;-fstack-protector;-D_FORTIFY_SOURCE=1;-Wl,-z,now;-Wl,-z,relro;
Id flags:  

The output was:
0


Compilation of the CXX compiler identification source "CMakeCXXCompilerId.cpp" produced "a.out"

The CXX compiler identification is GNU, found in "/home/song/lede/package/UA2F/build/CMakeFiles/3.25.2/CompilerIdCXX/a.out"

Detecting C compiler ABI info compiled with the following output:
Change Dir: /home/song/lede/package/UA2F/build/CMakeFiles/CMakeScratch/TryCompile-1rBUCa

Run Build Command(s):/home/song/lede/staging_dir/host/bin/ninja cmTC_26e70 && [1/2] Building C object CMakeFiles/cmTC_26e70.dir/CMakeCCompilerABI.c.o
Reading specs from /home/song/lede/staging_dir/toolchain-aarch64_cortex-a53_gcc-11.3.0_musl/lib/gcc/aarch64-openwrt-linux-musl/11.3.0/specs
COLLECT_GCC=/home/song/lede/staging_dir/toolchain-aarch64_cortex-a53_gcc-11.3.0_musl/bin/aarch64-openwrt-linux-musl-gcc
Target: aarch64-openwrt-linux-musl
Configured with: /home/song/lede/build_dir/toolchain-aarch64_cortex-a53_gcc-11.3.0_musl/gcc-11.3.0/configure --with-bugurl=http://bugs.openwrt.org/ --with-pkgversion='OpenWrt GCC 11.3.0 r6243-bc4708a64' --prefix=/home/song/lede/staging_dir/toolchain-aarch64_cortex-a53_gcc-11.3.0_musl --build=x86_64-pc-linux-gnu --host=x86_64-pc-linux-gnu --target=aarch64-openwrt-linux-musl --with-gnu-ld --enable-target-optspace --disable-libgomp --disable-libmudflap --disable-multilib --disable-libmpx --disable-nls --disable-libssp --without-isl --without-cloog --with-host-libstdcxx=-lstdc++ --with-gmp=/home/song/lede/staging_dir/host --with-mpfr=/home/song/lede/staging_dir/host --with-mpc=/home/song/lede/staging_dir/host --disable-decimal-float --with-diagnostics-color=auto-if-env --enable-__cxa_atexit --enable-libstdcxx-dual-abi --with-default-libstdcxx-abi=new --with-headers=/home/song/lede/staging_dir/toolchain-aarch64_cortex-a53_gcc-11.3.0_musl/include --enable-languages=c,c++ --enable-shared --enable-threads --with-slibdir=/home/song/lede/staging_dir/toolchain-aarch64_cortex-a53_gcc-11.3.0_musl/lib --enable-lto --with-libelf=/home/song/lede/staging_dir/host --disable-libsanitizer
Thread model: posix
Supported LTO compression algorithms: zlib
gcc version 11.3.0 (OpenWrt GCC 11.3.0 r6243-bc4708a64) 
COLLECT_GCC_OPTIONS='-Os' '-pipe' '-mcpu=cortex-a53' '-fno-caller-saves' '-fno-plt' '-fhonour-copts' '-fmacro-prefix-map=/home/song/lede/package/UA2F/openwrt/..=..' '-Wformat=1' '-fstack-protector' '-D' '_FORTIFY_SOURCE=1' '-v' '-o' 'CMakeFiles/cmTC_26e70.dir/CMakeCCompilerABI.c.o' '-c' '-mlittle-endian' '-mabi=lp64' '-dumpdir' 'CMakeFiles/cmTC_26e70.dir/'
 /home/song/lede/staging_dir/toolchain-aarch64_cortex-a53_gcc-11.3.0_musl/libexec/gcc/aarch64-openwrt-linux-musl/11.3.0/cc1 -quiet -v -idirafter /home/song/lede/staging_dir/target-aarch64_cortex-a53_musl/usr/include -D _FORTIFY_SOURCE=1 /home/song/lede/staging_dir/host/share/cmake-3.25/Modules/CMakeCCompilerABI.c -quiet -dumpdir CMakeFiles/cmTC_26e70.dir/ -dumpbase CMakeCCompilerABI.c.c -dumpbase-ext .c -mcpu=cortex-a53 -mlittle-endian -mabi=lp64 -Os -Wformat=1 -version -fno-caller-saves -fno-plt -fhonour-copts -fmacro-prefix-map=/home/song/lede/package/UA2F/openwrt/..=.. -fstack-protector -o - |
 /home/song/lede/staging_dir/toolchain-aarch64_cortex-a53_gcc-11.3.0_musl/lib/gcc/aarch64-openwrt-linux-musl/11.3.0/../../../../aarch64-openwrt-linux-musl/bin/as -v -EL -march=armv8-a+crc -mabi=lp64 -o CMakeFiles/cmTC_26e70.dir/CMakeCCompilerABI.c.o
GNU assembler version 2.37 (aarch64-openwrt-linux-musl) using BFD version (GNU Binutils) 2.37
GNU C17 (OpenWrt GCC 11.3.0 r6243-bc4708a64) version 11.3.0 (aarch64-openwrt-linux-musl)
	compiled by GNU C version 7.5.0, GMP version 6.2.1, MPFR version 4.2.0, MPC version 1.3.1, isl version none
GGC heuristics: --param ggc-min-expand=100 --param ggc-min-heapsize=131072
#include "..." search starts here:
#include <...> search starts here:
 /home/song/lede/staging_dir/toolchain-aarch64_cortex-a53_gcc-11.3.0_musl/lib/gcc/aarch64-openwrt-linux-musl/11.3.0/../../../../aarch64-openwrt-linux-musl/sys-include
 /home/song/lede/staging_dir/toolchain-aarch64_cortex-a53_gcc-11.3.0_musl/lib/gcc/aarch64-openwrt-linux-musl/11.3.0/../../../../aarch64-openwrt-linux-musl/include
 /home/song/lede/staging_dir/toolchain-aarch64_cortex-a53_gcc-11.3.0_musl/lib/gcc/aarch64-openwrt-linux-musl/11.3.0/include
 /home/song/lede/staging_dir/target-aarch64_cortex-a53_musl/usr/include
End of search list.
GNU C17 (OpenWrt GCC 11.3.0 r6243-bc4708a64) version 11.3.0 (aarch64-openwrt-linux-musl)
	compiled by GNU C version 7.5.0, GMP version 6.2.1, MPFR version 4.2.0, MPC version 1.3.1, isl version none
GGC heuristics: --param ggc-min-expand=100 --param ggc-min-heapsize=131072
Compiler executable checksum: 33e0ad57e52a1a24ebb797938f490cb2
COMPILER_PATH=/home/song/lede/staging_dir/toolchain-aarch64_cortex-a53_gcc-11.3.0_musl/libexec/gcc/aarch64-openwrt-linux-musl/11.3.0/:/home/song/lede/staging_dir/toolchain-aarch64_cortex-a53_gcc-11.3.0_musl/libexec/gcc/aarch64-openwrt-linux-musl/11.3.0/:/home/song/lede/staging_dir/toolchain-aarch64_cortex-a53_gcc-11.3.0_musl/libexec/gcc/aarch64-openwrt-linux-musl/:/home/song/lede/staging_dir/toolchain-aarch64_cortex-a53_gcc-11.3.0_musl/lib/gcc/aarch64-openwrt-linux-musl/11.3.0/:/home/song/lede/staging_dir/toolchain-aarch64_cortex-a53_gcc-11.3.0_musl/lib/gcc/aarch64-openwrt-linux-musl/:/home/song/lede/staging_dir/toolchain-aarch64_cortex-a53_gcc-11.3.0_musl/lib/gcc/aarch64-openwrt-linux-musl/11.3.0/../../../../aarch64-openwrt-linux-musl/bin/
LIBRARY_PATH=/home/song/lede/staging_dir/toolchain-aarch64_cortex-a53_gcc-11.3.0_musl/lib/gcc/aarch64-openwrt-linux-musl/11.3.0/:/home/song/lede/staging_dir/toolchain-aarch64_cortex-a53_gcc-11.3.0_musl/lib/gcc/aarch64-openwrt-linux-musl/11.3.0/../../../../aarch64-openwrt-linux-musl/lib/
COLLECT_GCC_OPTIONS='-Os' '-pipe' '-mcpu=cortex-a53' '-fno-caller-saves' '-fno-plt' '-fhonour-copts' '-fmacro-prefix-map=/home/song/lede/package/UA2F/openwrt/..=..' '-Wformat=1' '-fstack-protector' '-D' '_FORTIFY_SOURCE=1' '-v' '-o' 'CMakeFiles/cmTC_26e70.dir/CMakeCCompilerABI.c.o' '-c' '-mlittle-endian' '-mabi=lp64' '-dumpdir' 'CMakeFiles/cmTC_26e70.dir/CMakeCCompilerABI.c.'
[2/2] Linking C executable cmTC_26e70
Reading specs from /home/song/lede/staging_dir/toolchain-aarch64_cortex-a53_gcc-11.3.0_musl/lib/gcc/aarch64-openwrt-linux-musl/11.3.0/specs
COLLECT_GCC=/home/song/lede/staging_dir/toolchain-aarch64_cortex-a53_gcc-11.3.0_musl/bin/aarch64-openwrt-linux-musl-gcc
COLLECT_LTO_WRAPPER=/home/song/lede/staging_dir/toolchain-aarch64_cortex-a53_gcc-11.3.0_musl/libexec/gcc/aarch64-openwrt-linux-musl/11.3.0/lto-wrapper
Target: aarch64-openwrt-linux-musl
Configured with: /home/song/lede/build_dir/toolchain-aarch64_cortex-a53_gcc-11.3.0_musl/gcc-11.3.0/configure --with-bugurl=http://bugs.openwrt.org/ --with-pkgversion='OpenWrt GCC 11.3.0 r6243-bc4708a64' --prefix=/home/song/lede/staging_dir/toolchain-aarch64_cortex-a53_gcc-11.3.0_musl --build=x86_64-pc-linux-gnu --host=x86_64-pc-linux-gnu --target=aarch64-openwrt-linux-musl --with-gnu-ld --enable-target-optspace --disable-libgomp --disable-libmudflap --disable-multilib --disable-libmpx --disable-nls --disable-libssp --without-isl --without-cloog --with-host-libstdcxx=-lstdc++ --with-gmp=/home/song/lede/staging_dir/host --with-mpfr=/home/song/lede/staging_dir/host --with-mpc=/home/song/lede/staging_dir/host --disable-decimal-float --with-diagnostics-color=auto-if-env --enable-__cxa_atexit --enable-libstdcxx-dual-abi --with-default-libstdcxx-abi=new --with-headers=/home/song/lede/staging_dir/toolchain-aarch64_cortex-a53_gcc-11.3.0_musl/include --enable-languages=c,c++ --enable-shared --enable-threads --with-slibdir=/home/song/lede/staging_dir/toolchain-aarch64_cortex-a53_gcc-11.3.0_musl/lib --enable-lto --with-libelf=/home/song/lede/staging_dir/host --disable-libsanitizer
Thread model: posix
Supported LTO compression algorithms: zlib
gcc version 11.3.0 (OpenWrt GCC 11.3.0 r6243-bc4708a64) 
COMPILER_PATH=/home/song/lede/staging_dir/toolchain-aarch64_cortex-a53_gcc-11.3.0_musl/libexec/gcc/aarch64-openwrt-linux-musl/11.3.0/:/home/song/lede/staging_dir/toolchain-aarch64_cortex-a53_gcc-11.3.0_musl/libexec/gcc/aarch64-openwrt-linux-musl/11.3.0/:/home/song/lede/staging_dir/toolchain-aarch64_cortex-a53_gcc-11.3.0_musl/libexec/gcc/aarch64-openwrt-linux-musl/:/home/song/lede/staging_dir/toolchain-aarch64_cortex-a53_gcc-11.3.0_musl/lib/gcc/aarch64-openwrt-linux-musl/11.3.0/:/home/song/lede/staging_dir/toolchain-aarch64_cortex-a53_gcc-11.3.0_musl/lib/gcc/aarch64-openwrt-linux-musl/:/home/song/lede/staging_dir/toolchain-aarch64_cortex-a53_gcc-11.3.0_musl/lib/gcc/aarch64-openwrt-linux-musl/11.3.0/../../../../aarch64-openwrt-linux-musl/bin/
LIBRARY_PATH=/home/song/lede/staging_dir/toolchain-aarch64_cortex-a53_gcc-11.3.0_musl/lib/gcc/aarch64-openwrt-linux-musl/11.3.0/:/home/song/lede/staging_dir/toolchain-aarch64_cortex-a53_gcc-11.3.0_musl/lib/gcc/aarch64-openwrt-linux-musl/11.3.0/../../../../aarch64-openwrt-linux-musl/lib/
COLLECT_GCC_OPTIONS='-Os' '-pipe' '-mcpu=cortex-a53' '-fno-caller-saves' '-fno-plt' '-fhonour-copts' '-fmacro-prefix-map=/home/song/lede/package/UA2F/openwrt/..=..' '-Wformat=1' '-fstack-protector' '-D' '_FORTIFY_SOURCE=1' '-L/home/song/lede/staging_dir/toolchain-aarch64_cortex-a53_gcc-11.3.0_musl/usr/lib' '-L/home/song/lede/staging_dir/toolchain-aarch64_cortex-a53_gcc-11.3.0_musl/lib' '-z' 'now' '-z' 'relro' '-v' '-o' 'cmTC_26e70' '-mlittle-endian' '-mabi=lp64' '-dumpdir' 'cmTC_26e70.'
 /home/song/lede/staging_dir/toolchain-aarch64_cortex-a53_gcc-11.3.0_musl/libexec/gcc/aarch64-openwrt-linux-musl/11.3.0/collect2 -plugin /home/song/lede/staging_dir/toolchain-aarch64_cortex-a53_gcc-11.3.0_musl/libexec/gcc/aarch64-openwrt-linux-musl/11.3.0/liblto_plugin.so -plugin-opt=/home/song/lede/staging_dir/toolchain-aarch64_cortex-a53_gcc-11.3.0_musl/libexec/gcc/aarch64-openwrt-linux-musl/11.3.0/lto-wrapper -plugin-opt=-fresolution=/home/song/lede/tmp/cctSqbMc.res -plugin-opt=-pass-through=-lgcc_s -plugin-opt=-pass-through=-lc -plugin-opt=-pass-through=-lgcc_s --eh-frame-hdr -dynamic-linker /lib/ld-musl-aarch64.so.1 -X -EL -maarch64linux -o cmTC_26e70 -z now -z relro /home/song/lede/staging_dir/toolchain-aarch64_cortex-a53_gcc-11.3.0_musl/lib/gcc/aarch64-openwrt-linux-musl/11.3.0/../../../../aarch64-openwrt-linux-musl/lib/crt1.o /home/song/lede/staging_dir/toolchain-aarch64_cortex-a53_gcc-11.3.0_musl/lib/gcc/aarch64-openwrt-linux-musl/11.3.0/../../../../aarch64-openwrt-linux-musl/lib/crti.o /home/song/lede/staging_dir/toolchain-aarch64_cortex-a53_gcc-11.3.0_musl/lib/gcc/aarch64-openwrt-linux-musl/11.3.0/crtbegin.o -L/home/song/lede/staging_dir/toolchain-aarch64_cortex-a53_gcc-11.3.0_musl/usr/lib -L/home/song/lede/staging_dir/toolchain-aarch64_cortex-a53_gcc-11.3.0_musl/lib -L /home/song/lede/staging_dir/target-aarch64_cortex-a53_musl/usr/lib -rpath-link /home/song/lede/staging_dir/target-aarch64_cortex-a53_musl/usr/lib -L/home/song/lede/staging_dir/toolchain-aarch64_cortex-a53_gcc-11.3.0_musl/lib/gcc/aarch64-openwrt-linux-musl/11.3.0 -L/home/song/lede/staging_dir/toolchain-aarch64_cortex-a53_gcc-11.3.0_musl/lib/gcc/aarch64-openwrt-linux-musl/11.3.0/../../../../aarch64-openwrt-linux-musl/lib -z now -z relro CMakeFiles/cmTC_26e70.dir/CMakeCCompilerABI.c.o -lssp_nonshared -lgcc_s -lc -lgcc_s /home/song/lede/staging_dir/toolchain-aarch64_cortex-a53_gcc-11.3.0_musl/lib/gcc/aarch64-openwrt-linux-musl/11.3.0/crtend.o /home/song/lede/staging_dir/toolchain-aarch64_cortex-a53_gcc-11.3.0_musl/lib/gcc/aarch64-openwrt-linux-musl/11.3.0/../../../../aarch64-openwrt-linux-musl/lib/crtn.o
COLLECT_GCC_OPTIONS='-Os' '-pipe' '-mcpu=cortex-a53' '-fno-caller-saves' '-fno-plt' '-fhonour-copts' '-fmacro-prefix-map=/home/song/lede/package/UA2F/openwrt/..=..' '-Wformat=1' '-fstack-protector' '-D' '_FORTIFY_SOURCE=1' '-L/home/song/lede/staging_dir/toolchain-aarch64_cortex-a53_gcc-11.3.0_musl/usr/lib' '-L/home/song/lede/staging_dir/toolchain-aarch64_cortex-a53_gcc-11.3.0_musl/lib' '-z' 'now' '-z' 'relro' '-v' '-o' 'cmTC_26e70' '-mlittle-endian' '-mabi=lp64' '-dumpdir' 'cmTC_26e70.'



Parsed C implicit include dir info from above output: rv=done
  found start of include info
  found start of implicit include info
    add: [/home/song/lede/staging_dir/toolchain-aarch64_cortex-a53_gcc-11.3.0_musl/lib/gcc/aarch64-openwrt-linux-musl/11.3.0/../../../../aarch64-openwrt-linux-musl/sys-include]
    add: [/home/song/lede/staging_dir/toolchain-aarch64_cortex-a53_gcc-11.3.0_musl/lib/gcc/aarch64-openwrt-linux-musl/11.3.0/../../../../aarch64-openwrt-linux-musl/include]
    add: [/home/song/lede/staging_dir/toolchain-aarch64_cortex-a53_gcc-11.3.0_musl/lib/gcc/aarch64-openwrt-linux-musl/11.3.0/include]
    add: [/home/song/lede/staging_dir/target-aarch64_cortex-a53_musl/usr/include]
  end of search list found
  collapse include dir [/home/song/lede/staging_dir/toolchain-aarch64_cortex-a53_gcc-11.3.0_musl/lib/gcc/aarch64-openwrt-linux-musl/11.3.0/../../../../aarch64-openwrt-linux-musl/sys-include] ==> [/home/song/lede/staging_dir/toolchain-aarch64_cortex-a53_gcc-11.3.0_musl/aarch64-openwrt-linux-musl/sys-include]
  collapse include dir [/home/song/lede/staging_dir/toolchain-aarch64_cortex-a53_gcc-11.3.0_musl/lib/gcc/aarch64-openwrt-linux-musl/11.3.0/../../../../aarch64-openwrt-linux-musl/include] ==> [/home/song/lede/staging_dir/toolchain-aarch64_cortex-a53_gcc-11.3.0_musl/aarch64-openwrt-linux-musl/include]
  collapse include dir [/home/song/lede/staging_dir/toolchain-aarch64_cortex-a53_gcc-11.3.0_musl/lib/gcc/aarch64-openwrt-linux-musl/11.3.0/include] ==> [/home/song/lede/staging_dir/toolchain-aarch64_cortex-a53_gcc-11.3.0_musl/lib/gcc/aarch64-openwrt-linux-musl/11.3.0/include]
  collapse include dir [/home/song/lede/staging_dir/target-aarch64_cortex-a53_musl/usr/include] ==> [/home/song/lede/staging_dir/target-aarch64_cortex-a53_musl/usr/include]
  implicit include dirs: [/home/song/lede/staging_dir/toolchain-aarch64_cortex-a53_gcc-11.3.0_musl/aarch64-openwrt-linux-musl/sys-include;/home/song/lede/staging_dir/toolchain-aarch64_cortex-a53_gcc-11.3.0_musl/aarch64-openwrt-linux-musl/include;/home/song/lede/staging_dir/toolchain-aarch64_cortex-a53_gcc-11.3.0_musl/lib/gcc/aarch64-openwrt-linux-musl/11.3.0/include;/home/song/lede/staging_dir/target-aarch64_cortex-a53_musl/usr/include]


Parsed C implicit link information from above output:
  link line regex: [^( *|.*[/\])(aarch64-openwrt-linux-musl-ld|CMAKE_LINK_STARTFILE-NOTFOUND|([^/\]+-)?ld|collect2)[^/\]*( |$)]
  ignore line: [Change Dir: /home/song/lede/package/UA2F/build/CMakeFiles/CMakeScratch/TryCompile-1rBUCa]
  ignore line: []
  ignore line: [Run Build Command(s):/home/song/lede/staging_dir/host/bin/ninja cmTC_26e70 && [1/2] Building C object CMakeFiles/cmTC_26e70.dir/CMakeCCompilerABI.c.o]
  ignore line: [Reading specs from /home/song/lede/staging_dir/toolchain-aarch64_cortex-a53_gcc-11.3.0_musl/lib/gcc/aarch64-openwrt-linux-musl/11.3.0/specs]
  ignore line: [COLLECT_GCC=/home/song/lede/staging_dir/toolchain-aarch64_cortex-a53_gcc-11.3.0_musl/bin/aarch64-openwrt-linux-musl-gcc]
  ignore line: [Target: aarch64-openwrt-linux-musl]
  ignore line: [Configured with: /home/song/lede/build_dir/toolchain-aarch64_cortex-a53_gcc-11.3.0_musl/gcc-11.3.0/configure --with-bugurl=http://bugs.openwrt.org/ --with-pkgversion='OpenWrt GCC 11.3.0 r6243-bc4708a64' --prefix=/home/song/lede/staging_dir/toolchain-aarch64_cortex-a53_gcc-11.3.0_musl --build=x86_64-pc-linux-gnu --host=x86_64-pc-linux-gnu --target=aarch64-openwrt-linux-musl --with-gnu-ld --enable-target-optspace --disable-libgomp --disable-libmudflap --disable-multilib --disable-libmpx --disable-nls --disable-libssp --without-isl --without-cloog --with-host-libstdcxx=-lstdc++ --with-gmp=/home/song/lede/staging_dir/host --with-mpfr=/home/song/lede/staging_dir/host --with-mpc=/home/song/lede/staging_dir/host --disable-decimal-float --with-diagnostics-color=auto-if-env --enable-__cxa_atexit --enable-libstdcxx-dual-abi --with-default-libstdcxx-abi=new --with-headers=/home/song/lede/staging_dir/toolchain-aarch64_cortex-a53_gcc-11.3.0_musl/include --enable-languages=c,c++ --enable-shared --enable-threads --with-slibdir=/home/song/lede/staging_dir/toolchain-aarch64_cortex-a53_gcc-11.3.0_musl/lib --enable-lto --with-libelf=/home/song/lede/staging_dir/host --disable-libsanitizer]
  ignore line: [Thread model: posix]
  ignore line: [Supported LTO compression algorithms: zlib]
  ignore line: [gcc version 11.3.0 (OpenWrt GCC 11.3.0 r6243-bc4708a64) ]
  ignore line: [COLLECT_GCC_OPTIONS='-Os' '-pipe' '-mcpu=cortex-a53' '-fno-caller-saves' '-fno-plt' '-fhonour-copts' '-fmacro-prefix-map=/home/song/lede/package/UA2F/openwrt/..=..' '-Wformat=1' '-fstack-protector' '-D' '_FORTIFY_SOURCE=1' '-v' '-o' 'CMakeFiles/cmTC_26e70.dir/CMakeCCompilerABI.c.o' '-c' '-mlittle-endian' '-mabi=lp64' '-dumpdir' 'CMakeFiles/cmTC_26e70.dir/']
  ignore line: [ /home/song/lede/staging_dir/toolchain-aarch64_cortex-a53_gcc-11.3.0_musl/libexec/gcc/aarch64-openwrt-linux-musl/11.3.0/cc1 -quiet -v -idirafter /home/song/lede/staging_dir/target-aarch64_cortex-a53_musl/usr/include -D _FORTIFY_SOURCE=1 /home/song/lede/staging_dir/host/share/cmake-3.25/Modules/CMakeCCompilerABI.c -quiet -dumpdir CMakeFiles/cmTC_26e70.dir/ -dumpbase CMakeCCompilerABI.c.c -dumpbase-ext .c -mcpu=cortex-a53 -mlittle-endian -mabi=lp64 -Os -Wformat=1 -version -fno-caller-saves -fno-plt -fhonour-copts -fmacro-prefix-map=/home/song/lede/package/UA2F/openwrt/..=.. -fstack-protector -o - |]
  ignore line: [ /home/song/lede/staging_dir/toolchain-aarch64_cortex-a53_gcc-11.3.0_musl/lib/gcc/aarch64-openwrt-linux-musl/11.3.0/../../../../aarch64-openwrt-linux-musl/bin/as -v -EL -march=armv8-a+crc -mabi=lp64 -o CMakeFiles/cmTC_26e70.dir/CMakeCCompilerABI.c.o]
  ignore line: [GNU assembler version 2.37 (aarch64-openwrt-linux-musl) using BFD version (GNU Binutils) 2.37]
  ignore line: [GNU C17 (OpenWrt GCC 11.3.0 r6243-bc4708a64) version 11.3.0 (aarch64-openwrt-linux-musl)]
  ignore line: [	compiled by GNU C version 7.5.0  GMP version 6.2.1  MPFR version 4.2.0  MPC version 1.3.1  isl version none]
  ignore line: [GGC heuristics: --param ggc-min-expand=100 --param ggc-min-heapsize=131072]
  ignore line: [#include "..." search starts here:]
  ignore line: [#include <...> search starts here:]
  ignore line: [ /home/song/lede/staging_dir/toolchain-aarch64_cortex-a53_gcc-11.3.0_musl/lib/gcc/aarch64-openwrt-linux-musl/11.3.0/../../../../aarch64-openwrt-linux-musl/sys-include]
  ignore line: [ /home/song/lede/staging_dir/toolchain-aarch64_cortex-a53_gcc-11.3.0_musl/lib/gcc/aarch64-openwrt-linux-musl/11.3.0/../../../../aarch64-openwrt-linux-musl/include]
  ignore line: [ /home/song/lede/staging_dir/toolchain-aarch64_cortex-a53_gcc-11.3.0_musl/lib/gcc/aarch64-openwrt-linux-musl/11.3.0/include]
  ignore line: [ /home/song/lede/staging_dir/target-aarch64_cortex-a53_musl/usr/include]
  ignore line: [End of search list.]
  ignore line: [GNU C17 (OpenWrt GCC 11.3.0 r6243-bc4708a64) version 11.3.0 (aarch64-openwrt-linux-musl)]
  ignore line: [	compiled by GNU C version 7.5.0  GMP version 6.2.1  MPFR version 4.2.0  MPC version 1.3.1  isl version none]
  ignore line: [GGC heuristics: --param ggc-min-expand=100 --param ggc-min-heapsize=131072]
  ignore line: [Compiler executable checksum: 33e0ad57e52a1a24ebb797938f490cb2]
  ignore line: [COMPILER_PATH=/home/song/lede/staging_dir/toolchain-aarch64_cortex-a53_gcc-11.3.0_musl/libexec/gcc/aarch64-openwrt-linux-musl/11.3.0/:/home/song/lede/staging_dir/toolchain-aarch64_cortex-a53_gcc-11.3.0_musl/libexec/gcc/aarch64-openwrt-linux-musl/11.3.0/:/home/song/lede/staging_dir/toolchain-aarch64_cortex-a53_gcc-11.3.0_musl/libexec/gcc/aarch64-openwrt-linux-musl/:/home/song/lede/staging_dir/toolchain-aarch64_cortex-a53_gcc-11.3.0_musl/lib/gcc/aarch64-openwrt-linux-musl/11.3.0/:/home/song/lede/staging_dir/toolchain-aarch64_cortex-a53_gcc-11.3.0_musl/lib/gcc/aarch64-openwrt-linux-musl/:/home/song/lede/staging_dir/toolchain-aarch64_cortex-a53_gcc-11.3.0_musl/lib/gcc/aarch64-openwrt-linux-musl/11.3.0/../../../../aarch64-openwrt-linux-musl/bin/]
  ignore line: [LIBRARY_PATH=/home/song/lede/staging_dir/toolchain-aarch64_cortex-a53_gcc-11.3.0_musl/lib/gcc/aarch64-openwrt-linux-musl/11.3.0/:/home/song/lede/staging_dir/toolchain-aarch64_cortex-a53_gcc-11.3.0_musl/lib/gcc/aarch64-openwrt-linux-musl/11.3.0/../../../../aarch64-openwrt-linux-musl/lib/]
  ignore line: [COLLECT_GCC_OPTIONS='-Os' '-pipe' '-mcpu=cortex-a53' '-fno-caller-saves' '-fno-plt' '-fhonour-copts' '-fmacro-prefix-map=/home/song/lede/package/UA2F/openwrt/..=..' '-Wformat=1' '-fstack-protector' '-D' '_FORTIFY_SOURCE=1' '-v' '-o' 'CMakeFiles/cmTC_26e70.dir/CMakeCCompilerABI.c.o' '-c' '-mlittle-endian' '-mabi=lp64' '-dumpdir' 'CMakeFiles/cmTC_26e70.dir/CMakeCCompilerABI.c.']
  ignore line: [[2/2] Linking C executable cmTC_26e70]
  ignore line: [Reading specs from /home/song/lede/staging_dir/toolchain-aarch64_cortex-a53_gcc-11.3.0_musl/lib/gcc/aarch64-openwrt-linux-musl/11.3.0/specs]
  ignore line: [COLLECT_GCC=/home/song/lede/staging_dir/toolchain-aarch64_cortex-a53_gcc-11.3.0_musl/bin/aarch64-openwrt-linux-musl-gcc]
  ignore line: [COLLECT_LTO_WRAPPER=/home/song/lede/staging_dir/toolchain-aarch64_cortex-a53_gcc-11.3.0_musl/libexec/gcc/aarch64-openwrt-linux-musl/11.3.0/lto-wrapper]
  ignore line: [Target: aarch64-openwrt-linux-musl]
  ignore line: [Configured with: /home/song/lede/build_dir/toolchain-aarch64_cortex-a53_gcc-11.3.0_musl/gcc-11.3.0/configure --with-bugurl=http://bugs.openwrt.org/ --with-pkgversion='OpenWrt GCC 11.3.0 r6243-bc4708a64' --prefix=/home/song/lede/staging_dir/toolchain-aarch64_cortex-a53_gcc-11.3.0_musl --build=x86_64-pc-linux-gnu --host=x86_64-pc-linux-gnu --target=aarch64-openwrt-linux-musl --with-gnu-ld --enable-target-optspace --disable-libgomp --disable-libmudflap --disable-multilib --disable-libmpx --disable-nls --disable-libssp --without-isl --without-cloog --with-host-libstdcxx=-lstdc++ --with-gmp=/home/song/lede/staging_dir/host --with-mpfr=/home/song/lede/staging_dir/host --with-mpc=/home/song/lede/staging_dir/host --disable-decimal-float --with-diagnostics-color=auto-if-env --enable-__cxa_atexit --enable-libstdcxx-dual-abi --with-default-libstdcxx-abi=new --with-headers=/home/song/lede/staging_dir/toolchain-aarch64_cortex-a53_gcc-11.3.0_musl/include --enable-languages=c,c++ --enable-shared --enable-threads --with-slibdir=/home/song/lede/staging_dir/toolchain-aarch64_cortex-a53_gcc-11.3.0_musl/lib --enable-lto --with-libelf=/home/song/lede/staging_dir/host --disable-libsanitizer]
  ignore line: [Thread model: posix]
  ignore line: [Supported LTO compression algorithms: zlib]
  ignore line: [gcc version 11.3.0 (OpenWrt GCC 11.3.0 r6243-bc4708a64) ]
  ignore line: [COMPILER_PATH=/home/song/lede/staging_dir/toolchain-aarch64_cortex-a53_gcc-11.3.0_musl/libexec/gcc/aarch64-openwrt-linux-musl/11.3.0/:/home/song/lede/staging_dir/toolchain-aarch64_cortex-a53_gcc-11.3.0_musl/libexec/gcc/aarch64-openwrt-linux-musl/11.3.0/:/home/song/lede/staging_dir/toolchain-aarch64_cortex-a53_gcc-11.3.0_musl/libexec/gcc/aarch64-openwrt-linux-musl/:/home/song/lede/staging_dir/toolchain-aarch64_cortex-a53_gcc-11.3.0_musl/lib/gcc/aarch64-openwrt-linux-musl/11.3.0/:/home/song/lede/staging_dir/toolchain-aarch64_cortex-a53_gcc-11.3.0_musl/lib/gcc/aarch64-openwrt-linux-musl/:/home/song/lede/staging_dir/toolchain-aarch64_cortex-a53_gcc-11.3.0_musl/lib/gcc/aarch64-openwrt-linux-musl/11.3.0/../../../../aarch64-openwrt-linux-musl/bin/]
  ignore line: [LIBRARY_PATH=/home/song/lede/staging_dir/toolchain-aarch64_cortex-a53_gcc-11.3.0_musl/lib/gcc/aarch64-openwrt-linux-musl/11.3.0/:/home/song/lede/staging_dir/toolchain-aarch64_cortex-a53_gcc-11.3.0_musl/lib/gcc/aarch64-openwrt-linux-musl/11.3.0/../../../../aarch64-openwrt-linux-musl/lib/]
  ignore line: [COLLECT_GCC_OPTIONS='-Os' '-pipe' '-mcpu=cortex-a53' '-fno-caller-saves' '-fno-plt' '-fhonour-copts' '-fmacro-prefix-map=/home/song/lede/package/UA2F/openwrt/..=..' '-Wformat=1' '-fstack-protector' '-D' '_FORTIFY_SOURCE=1' '-L/home/song/lede/staging_dir/toolchain-aarch64_cortex-a53_gcc-11.3.0_musl/usr/lib' '-L/home/song/lede/staging_dir/toolchain-aarch64_cortex-a53_gcc-11.3.0_musl/lib' '-z' 'now' '-z' 'relro' '-v' '-o' 'cmTC_26e70' '-mlittle-endian' '-mabi=lp64' '-dumpdir' 'cmTC_26e70.']
  link line: [ /home/song/lede/staging_dir/toolchain-aarch64_cortex-a53_gcc-11.3.0_musl/libexec/gcc/aarch64-openwrt-linux-musl/11.3.0/collect2 -plugin /home/song/lede/staging_dir/toolchain-aarch64_cortex-a53_gcc-11.3.0_musl/libexec/gcc/aarch64-openwrt-linux-musl/11.3.0/liblto_plugin.so -plugin-opt=/home/song/lede/staging_dir/toolchain-aarch64_cortex-a53_gcc-11.3.0_musl/libexec/gcc/aarch64-openwrt-linux-musl/11.3.0/lto-wrapper -plugin-opt=-fresolution=/home/song/lede/tmp/cctSqbMc.res -plugin-opt=-pass-through=-lgcc_s -plugin-opt=-pass-through=-lc -plugin-opt=-pass-through=-lgcc_s --eh-frame-hdr -dynamic-linker /lib/ld-musl-aarch64.so.1 -X -EL -maarch64linux -o cmTC_26e70 -z now -z relro /home/song/lede/staging_dir/toolchain-aarch64_cortex-a53_gcc-11.3.0_musl/lib/gcc/aarch64-openwrt-linux-musl/11.3.0/../../../../aarch64-openwrt-linux-musl/lib/crt1.o /home/song/lede/staging_dir/toolchain-aarch64_cortex-a53_gcc-11.3.0_musl/lib/gcc/aarch64-openwrt-linux-musl/11.3.0/../../../../aarch64-openwrt-linux-musl/lib/crti.o /home/song/lede/staging_dir/toolchain-aarch64_cortex-a53_gcc-11.3.0_musl/lib/gcc/aarch64-openwrt-linux-musl/11.3.0/crtbegin.o -L/home/song/lede/staging_dir/toolchain-aarch64_cortex-a53_gcc-11.3.0_musl/usr/lib -L/home/song/lede/staging_dir/toolchain-aarch64_cortex-a53_gcc-11.3.0_musl/lib -L /home/song/lede/staging_dir/target-aarch64_cortex-a53_musl/usr/lib -rpath-link /home/song/lede/staging_dir/target-aarch64_cortex-a53_musl/usr/lib -L/home/song/lede/staging_dir/toolchain-aarch64_cortex-a53_gcc-11.3.0_musl/lib/gcc/aarch64-openwrt-linux-musl/11.3.0 -L/home/song/lede/staging_dir/toolchain-aarch64_cortex-a53_gcc-11.3.0_musl/lib/gcc/aarch64-openwrt-linux-musl/11.3.0/../../../../aarch64-openwrt-linux-musl/lib -z now -z relro CMakeFiles/cmTC_26e70.dir/CMakeCCompilerABI.c.o -lssp_nonshared -lgcc_s -lc -lgcc_s /home/song/lede/staging_dir/toolchain-aarch64_cortex-a53_gcc-11.3.0_musl/lib/gcc/aarch64-openwrt-linux-musl/11.3.0/crtend.o /home/song/lede/staging_dir/toolchain-aarch64_cortex-a53_gcc-11.3.0_musl/lib/gcc/aarch64-openwrt-linux-musl/11.3.0/../../../../aarch64-openwrt-linux-musl/lib/crtn.o]
    arg [/home/song/lede/staging_dir/toolchain-aarch64_cortex-a53_gcc-11.3.0_musl/libexec/gcc/aarch64-openwrt-linux-musl/11.3.0/collect2] ==> ignore
    arg [-plugin] ==> ignore
    arg [/home/song/lede/staging_dir/toolchain-aarch64_cortex-a53_gcc-11.3.0_musl/libexec/gcc/aarch64-openwrt-linux-musl/11.3.0/liblto_plugin.so] ==> ignore
    arg [-plugin-opt=/home/song/lede/staging_dir/toolchain-aarch64_cortex-a53_gcc-11.3.0_musl/libexec/gcc/aarch64-openwrt-linux-musl/11.3.0/lto-wrapper] ==> ignore
    arg [-plugin-opt=-fresolution=/home/song/lede/tmp/cctSqbMc.res] ==> ignore
    arg [-plugin-opt=-pass-through=-lgcc_s] ==> ignore
    arg [-plugin-opt=-pass-through=-lc] ==> ignore
    arg [-plugin-opt=-pass-through=-lgcc_s] ==> ignore
    arg [--eh-frame-hdr] ==> ignore
    arg [-dynamic-linker] ==> ignore
    arg [/lib/ld-musl-aarch64.so.1] ==> ignore
    arg [-X] ==> ignore
    arg [-EL] ==> ignore
    arg [-maarch64linux] ==> ignore
    arg [-o] ==> ignore
    arg [cmTC_26e70] ==> ignore
    arg [-znow] ==> ignore
    arg [-zrelro] ==> ignore
    arg [/home/song/lede/staging_dir/toolchain-aarch64_cortex-a53_gcc-11.3.0_musl/lib/gcc/aarch64-openwrt-linux-musl/11.3.0/../../../../aarch64-openwrt-linux-musl/lib/crt1.o] ==> obj [/home/song/lede/staging_dir/toolchain-aarch64_cortex-a53_gcc-11.3.0_musl/lib/gcc/aarch64-openwrt-linux-musl/11.3.0/../../../../aarch64-openwrt-linux-musl/lib/crt1.o]
    arg [/home/song/lede/staging_dir/toolchain-aarch64_cortex-a53_gcc-11.3.0_musl/lib/gcc/aarch64-openwrt-linux-musl/11.3.0/../../../../aarch64-openwrt-linux-musl/lib/crti.o] ==> obj [/home/song/lede/staging_dir/toolchain-aarch64_cortex-a53_gcc-11.3.0_musl/lib/gcc/aarch64-openwrt-linux-musl/11.3.0/../../../../aarch64-openwrt-linux-musl/lib/crti.o]
    arg [/home/song/lede/staging_dir/toolchain-aarch64_cortex-a53_gcc-11.3.0_musl/lib/gcc/aarch64-openwrt-linux-musl/11.3.0/crtbegin.o] ==> obj [/home/song/lede/staging_dir/toolchain-aarch64_cortex-a53_gcc-11.3.0_musl/lib/gcc/aarch64-openwrt-linux-musl/11.3.0/crtbegin.o]
    arg [-L/home/song/lede/staging_dir/toolchain-aarch64_cortex-a53_gcc-11.3.0_musl/usr/lib] ==> dir [/home/song/lede/staging_dir/toolchain-aarch64_cortex-a53_gcc-11.3.0_musl/usr/lib]
    arg [-L/home/song/lede/staging_dir/toolchain-aarch64_cortex-a53_gcc-11.3.0_musl/lib] ==> dir [/home/song/lede/staging_dir/toolchain-aarch64_cortex-a53_gcc-11.3.0_musl/lib]
    arg [-L/home/song/lede/staging_dir/target-aarch64_cortex-a53_musl/usr/lib] ==> dir [/home/song/lede/staging_dir/target-aarch64_cortex-a53_musl/usr/lib]
    arg [-rpath-link] ==> ignore
    arg [/home/song/lede/staging_dir/target-aarch64_cortex-a53_musl/usr/lib] ==> ignore
    arg [-L/home/song/lede/staging_dir/toolchain-aarch64_cortex-a53_gcc-11.3.0_musl/lib/gcc/aarch64-openwrt-linux-musl/11.3.0] ==> dir [/home/song/lede/staging_dir/toolchain-aarch64_cortex-a53_gcc-11.3.0_musl/lib/gcc/aarch64-openwrt-linux-musl/11.3.0]
    arg [-L/home/song/lede/staging_dir/toolchain-aarch64_cortex-a53_gcc-11.3.0_musl/lib/gcc/aarch64-openwrt-linux-musl/11.3.0/../../../../aarch64-openwrt-linux-musl/lib] ==> dir [/home/song/lede/staging_dir/toolchain-aarch64_cortex-a53_gcc-11.3.0_musl/lib/gcc/aarch64-openwrt-linux-musl/11.3.0/../../../../aarch64-openwrt-linux-musl/lib]
    arg [-znow] ==> ignore
    arg [-zrelro] ==> ignore
    arg [CMakeFiles/cmTC_26e70.dir/CMakeCCompilerABI.c.o] ==> ignore
    arg [-lssp_nonshared] ==> lib [ssp_nonshared]
    arg [-lgcc_s] ==> lib [gcc_s]
    arg [-lc] ==> lib [c]
    arg [-lgcc_s] ==> lib [gcc_s]
    arg [/home/song/lede/staging_dir/toolchain-aarch64_cortex-a53_gcc-11.3.0_musl/lib/gcc/aarch64-openwrt-linux-musl/11.3.0/crtend.o] ==> obj [/home/song/lede/staging_dir/toolchain-aarch64_cortex-a53_gcc-11.3.0_musl/lib/gcc/aarch64-openwrt-linux-musl/11.3.0/crtend.o]
    arg [/home/song/lede/staging_dir/toolchain-aarch64_cortex-a53_gcc-11.3.0_musl/lib/gcc/aarch64-openwrt-linux-musl/11.3.0/../../../../aarch64-openwrt-linux-musl/lib/crtn.o] ==> obj [/home/song/lede/staging_dir/toolchain-aarch64_cortex-a53_gcc-11.3.0_musl/lib/gcc/aarch64-openwrt-linux-musl/11.3.0/../../../../aarch64-openwrt-linux-musl/lib/crtn.o]
  collapse obj [/home/song/lede/staging_dir/toolchain-aarch64_cortex-a53_gcc-11.3.0_musl/lib/gcc/aarch64-openwrt-linux-musl/11.3.0/../../../../aarch64-openwrt-linux-musl/lib/crt1.o] ==> [/home/song/lede/staging_dir/toolchain-aarch64_cortex-a53_gcc-11.3.0_musl/aarch64-openwrt-linux-musl/lib/crt1.o]
  collapse obj [/home/song/lede/staging_dir/toolchain-aarch64_cortex-a53_gcc-11.3.0_musl/lib/gcc/aarch64-openwrt-linux-musl/11.3.0/../../../../aarch64-openwrt-linux-musl/lib/crti.o] ==> [/home/song/lede/staging_dir/toolchain-aarch64_cortex-a53_gcc-11.3.0_musl/aarch64-openwrt-linux-musl/lib/crti.o]
  collapse obj [/home/song/lede/staging_dir/toolchain-aarch64_cortex-a53_gcc-11.3.0_musl/lib/gcc/aarch64-openwrt-linux-musl/11.3.0/../../../../aarch64-openwrt-linux-musl/lib/crtn.o] ==> [/home/song/lede/staging_dir/toolchain-aarch64_cortex-a53_gcc-11.3.0_musl/aarch64-openwrt-linux-musl/lib/crtn.o]
  collapse library dir [/home/song/lede/staging_dir/toolchain-aarch64_cortex-a53_gcc-11.3.0_musl/usr/lib] ==> [/home/song/lede/staging_dir/toolchain-aarch64_cortex-a53_gcc-11.3.0_musl/usr/lib]
  collapse library dir [/home/song/lede/staging_dir/toolchain-aarch64_cortex-a53_gcc-11.3.0_musl/lib] ==> [/home/song/lede/staging_dir/toolchain-aarch64_cortex-a53_gcc-11.3.0_musl/lib]
  collapse library dir [/home/song/lede/staging_dir/target-aarch64_cortex-a53_musl/usr/lib] ==> [/home/song/lede/staging_dir/target-aarch64_cortex-a53_musl/usr/lib]
  collapse library dir [/home/song/lede/staging_dir/toolchain-aarch64_cortex-a53_gcc-11.3.0_musl/lib/gcc/aarch64-openwrt-linux-musl/11.3.0] ==> [/home/song/lede/staging_dir/toolchain-aarch64_cortex-a53_gcc-11.3.0_musl/lib/gcc/aarch64-openwrt-linux-musl/11.3.0]
  collapse library dir [/home/song/lede/staging_dir/toolchain-aarch64_cortex-a53_gcc-11.3.0_musl/lib/gcc/aarch64-openwrt-linux-musl/11.3.0/../../../../aarch64-openwrt-linux-musl/lib] ==> [/home/song/lede/staging_dir/toolchain-aarch64_cortex-a53_gcc-11.3.0_musl/aarch64-openwrt-linux-musl/lib]
  implicit libs: [ssp_nonshared;gcc_s;c;gcc_s]
  implicit objs: [/home/song/lede/staging_dir/toolchain-aarch64_cortex-a53_gcc-11.3.0_musl/aarch64-openwrt-linux-musl/lib/crt1.o;/home/song/lede/staging_dir/toolchain-aarch64_cortex-a53_gcc-11.3.0_musl/aarch64-openwrt-linux-musl/lib/crti.o;/home/song/lede/staging_dir/toolchain-aarch64_cortex-a53_gcc-11.3.0_musl/lib/gcc/aarch64-openwrt-linux-musl/11.3.0/crtbegin.o;/home/song/lede/staging_dir/toolchain-aarch64_cortex-a53_gcc-11.3.0_musl/lib/gcc/aarch64-openwrt-linux-musl/11.3.0/crtend.o;/home/song/lede/staging_dir/toolchain-aarch64_cortex-a53_gcc-11.3.0_musl/aarch64-openwrt-linux-musl/lib/crtn.o]
  implicit dirs: [/home/song/lede/staging_dir/toolchain-aarch64_cortex-a53_gcc-11.3.0_musl/usr/lib;/home/song/lede/staging_dir/toolchain-aarch64_cortex-a53_gcc-11.3.0_musl/lib;/home/song/lede/staging_dir/target-aarch64_cortex-a53_musl/usr/lib;/home/song/lede/staging_dir/toolchain-aarch64_cortex-a53_gcc-11.3.0_musl/lib/gcc/aarch64-openwrt-linux-musl/11.3.0;/home/song/lede/staging_dir/toolchain-aarch64_cortex-a53_gcc-11.3.0_musl/aarch64-openwrt-linux-musl/lib]
  implicit fwks: []


Detecting CXX compiler ABI info compiled with the following output:
Change Dir: /home/song/lede/package/UA2F/build/CMakeFiles/CMakeScratch/TryCompile-pfbMl7

Run Build Command(s):/home/song/lede/staging_dir/host/bin/ninja cmTC_d8130 && [1/2] Building CXX object CMakeFiles/cmTC_d8130.dir/CMakeCXXCompilerABI.cpp.o
Reading specs from /home/song/lede/staging_dir/toolchain-aarch64_cortex-a53_gcc-11.3.0_musl/lib/gcc/aarch64-openwrt-linux-musl/11.3.0/specs
COLLECT_GCC=/home/song/lede/staging_dir/toolchain-aarch64_cortex-a53_gcc-11.3.0_musl/bin/aarch64-openwrt-linux-musl-g++
Target: aarch64-openwrt-linux-musl
Configured with: /home/song/lede/build_dir/toolchain-aarch64_cortex-a53_gcc-11.3.0_musl/gcc-11.3.0/configure --with-bugurl=http://bugs.openwrt.org/ --with-pkgversion='OpenWrt GCC 11.3.0 r6243-bc4708a64' --prefix=/home/song/lede/staging_dir/toolchain-aarch64_cortex-a53_gcc-11.3.0_musl --build=x86_64-pc-linux-gnu --host=x86_64-pc-linux-gnu --target=aarch64-openwrt-linux-musl --with-gnu-ld --enable-target-optspace --disable-libgomp --disable-libmudflap --disable-multilib --disable-libmpx --disable-nls --disable-libssp --without-isl --without-cloog --with-host-libstdcxx=-lstdc++ --with-gmp=/home/song/lede/staging_dir/host --with-mpfr=/home/song/lede/staging_dir/host --with-mpc=/home/song/lede/staging_dir/host --disable-decimal-float --with-diagnostics-color=auto-if-env --enable-__cxa_atexit --enable-libstdcxx-dual-abi --with-default-libstdcxx-abi=new --with-headers=/home/song/lede/staging_dir/toolchain-aarch64_cortex-a53_gcc-11.3.0_musl/include --enable-languages=c,c++ --enable-shared --enable-threads --with-slibdir=/home/song/lede/staging_dir/toolchain-aarch64_cortex-a53_gcc-11.3.0_musl/lib --enable-lto --with-libelf=/home/song/lede/staging_dir/host --disable-libsanitizer
Thread model: posix
Supported LTO compression algorithms: zlib
gcc version 11.3.0 (OpenWrt GCC 11.3.0 r6243-bc4708a64) 
COLLECT_GCC_OPTIONS='-Os' '-pipe' '-mcpu=cortex-a53' '-fno-caller-saves' '-fno-plt' '-fhonour-copts' '-fmacro-prefix-map=/home/song/lede/package/UA2F/openwrt/..=..' '-Wformat=1' '-fstack-protector' '-D' '_FORTIFY_SOURCE=1' '-v' '-o' 'CMakeFiles/cmTC_d8130.dir/CMakeCXXCompilerABI.cpp.o' '-c' '-shared-libgcc' '-mlittle-endian' '-mabi=lp64' '-dumpdir' 'CMakeFiles/cmTC_d8130.dir/'
 /home/song/lede/staging_dir/toolchain-aarch64_cortex-a53_gcc-11.3.0_musl/libexec/gcc/aarch64-openwrt-linux-musl/11.3.0/cc1plus -quiet -v -D_GNU_SOURCE -idirafter /home/song/lede/staging_dir/target-aarch64_cortex-a53_musl/usr/include -D _FORTIFY_SOURCE=1 /home/song/lede/staging_dir/host/share/cmake-3.25/Modules/CMakeCXXCompilerABI.cpp -quiet -dumpdir CMakeFiles/cmTC_d8130.dir/ -dumpbase CMakeCXXCompilerABI.cpp.cpp -dumpbase-ext .cpp -mcpu=cortex-a53 -mlittle-endian -mabi=lp64 -Os -Wformat=1 -version -fno-caller-saves -fno-plt -fhonour-copts -fmacro-prefix-map=/home/song/lede/package/UA2F/openwrt/..=.. -fstack-protector -o - |
 /home/song/lede/staging_dir/toolchain-aarch64_cortex-a53_gcc-11.3.0_musl/lib/gcc/aarch64-openwrt-linux-musl/11.3.0/../../../../aarch64-openwrt-linux-musl/bin/as -v -EL -march=armv8-a+crc -mabi=lp64 -o CMakeFiles/cmTC_d8130.dir/CMakeCXXCompilerABI.cpp.o
GNU assembler version 2.37 (aarch64-openwrt-linux-musl) using BFD version (GNU Binutils) 2.37
GNU C++17 (OpenWrt GCC 11.3.0 r6243-bc4708a64) version 11.3.0 (aarch64-openwrt-linux-musl)
	compiled by GNU C version 7.5.0, GMP version 6.2.1, MPFR version 4.2.0, MPC version 1.3.1, isl version none
GGC heuristics: --param ggc-min-expand=100 --param ggc-min-heapsize=131072
#include "..." search starts here:
#include <...> search starts here:
 /home/song/lede/staging_dir/toolchain-aarch64_cortex-a53_gcc-11.3.0_musl/lib/gcc/aarch64-openwrt-linux-musl/11.3.0/../../../../aarch64-openwrt-linux-musl/include/c++/11.3.0
 /home/song/lede/staging_dir/toolchain-aarch64_cortex-a53_gcc-11.3.0_musl/lib/gcc/aarch64-openwrt-linux-musl/11.3.0/../../../../aarch64-openwrt-linux-musl/include/c++/11.3.0/aarch64-openwrt-linux-musl
 /home/song/lede/staging_dir/toolchain-aarch64_cortex-a53_gcc-11.3.0_musl/lib/gcc/aarch64-openwrt-linux-musl/11.3.0/../../../../aarch64-openwrt-linux-musl/include/c++/11.3.0/backward
 /home/song/lede/staging_dir/toolchain-aarch64_cortex-a53_gcc-11.3.0_musl/lib/gcc/aarch64-openwrt-linux-musl/11.3.0/../../../../aarch64-openwrt-linux-musl/sys-include
 /home/song/lede/staging_dir/toolchain-aarch64_cortex-a53_gcc-11.3.0_musl/lib/gcc/aarch64-openwrt-linux-musl/11.3.0/../../../../aarch64-openwrt-linux-musl/include
 /home/song/lede/staging_dir/toolchain-aarch64_cortex-a53_gcc-11.3.0_musl/lib/gcc/aarch64-openwrt-linux-musl/11.3.0/include
 /home/song/lede/staging_dir/target-aarch64_cortex-a53_musl/usr/include
End of search list.
GNU C++17 (OpenWrt GCC 11.3.0 r6243-bc4708a64) version 11.3.0 (aarch64-openwrt-linux-musl)
	compiled by GNU C version 7.5.0, GMP version 6.2.1, MPFR version 4.2.0, MPC version 1.3.1, isl version none
GGC heuristics: --param ggc-min-expand=100 --param ggc-min-heapsize=131072
Compiler executable checksum: 633ded2f5f9f080f29a966ae3a218d96
COMPILER_PATH=/home/song/lede/staging_dir/toolchain-aarch64_cortex-a53_gcc-11.3.0_musl/libexec/gcc/aarch64-openwrt-linux-musl/11.3.0/:/home/song/lede/staging_dir/toolchain-aarch64_cortex-a53_gcc-11.3.0_musl/libexec/gcc/aarch64-openwrt-linux-musl/11.3.0/:/home/song/lede/staging_dir/toolchain-aarch64_cortex-a53_gcc-11.3.0_musl/libexec/gcc/aarch64-openwrt-linux-musl/:/home/song/lede/staging_dir/toolchain-aarch64_cortex-a53_gcc-11.3.0_musl/lib/gcc/aarch64-openwrt-linux-musl/11.3.0/:/home/song/lede/staging_dir/toolchain-aarch64_cortex-a53_gcc-11.3.0_musl/lib/gcc/aarch64-openwrt-linux-musl/:/home/song/lede/staging_dir/toolchain-aarch64_cortex-a53_gcc-11.3.0_musl/lib/gcc/aarch64-openwrt-linux-musl/11.3.0/../../../../aarch64-openwrt-linux-musl/bin/
LIBRARY_PATH=/home/song/lede/staging_dir/toolchain-aarch64_cortex-a53_gcc-11.3.0_musl/lib/gcc/aarch64-openwrt-linux-musl/11.3.0/:/home/song/lede/staging_dir/toolchain-aarch64_cortex-a53_gcc-11.3.0_musl/lib/gcc/aarch64-openwrt-linux-musl/11.3.0/../../../../aarch64-openwrt-linux-musl/lib/
COLLECT_GCC_OPTIONS='-Os' '-pipe' '-mcpu=cortex-a53' '-fno-caller-saves' '-fno-plt' '-fhonour-copts' '-fmacro-prefix-map=/home/song/lede/package/UA2F/openwrt/..=..' '-Wformat=1' '-fstack-protector' '-D' '_FORTIFY_SOURCE=1' '-v' '-o' 'CMakeFiles/cmTC_d8130.dir/CMakeCXXCompilerABI.cpp.o' '-c' '-shared-libgcc' '-mlittle-endian' '-mabi=lp64' '-dumpdir' 'CMakeFiles/cmTC_d8130.dir/CMakeCXXCompilerABI.cpp.'
[2/2] Linking CXX executable cmTC_d8130
Reading specs from /home/song/lede/staging_dir/toolchain-aarch64_cortex-a53_gcc-11.3.0_musl/lib/gcc/aarch64-openwrt-linux-musl/11.3.0/specs
COLLECT_GCC=/home/song/lede/staging_dir/toolchain-aarch64_cortex-a53_gcc-11.3.0_musl/bin/aarch64-openwrt-linux-musl-g++
COLLECT_LTO_WRAPPER=/home/song/lede/staging_dir/toolchain-aarch64_cortex-a53_gcc-11.3.0_musl/libexec/gcc/aarch64-openwrt-linux-musl/11.3.0/lto-wrapper
Target: aarch64-openwrt-linux-musl
Configured with: /home/song/lede/build_dir/toolchain-aarch64_cortex-a53_gcc-11.3.0_musl/gcc-11.3.0/configure --with-bugurl=http://bugs.openwrt.org/ --with-pkgversion='OpenWrt GCC 11.3.0 r6243-bc4708a64' --prefix=/home/song/lede/staging_dir/toolchain-aarch64_cortex-a53_gcc-11.3.0_musl --build=x86_64-pc-linux-gnu --host=x86_64-pc-linux-gnu --target=aarch64-openwrt-linux-musl --with-gnu-ld --enable-target-optspace --disable-libgomp --disable-libmudflap --disable-multilib --disable-libmpx --disable-nls --disable-libssp --without-isl --without-cloog --with-host-libstdcxx=-lstdc++ --with-gmp=/home/song/lede/staging_dir/host --with-mpfr=/home/song/lede/staging_dir/host --with-mpc=/home/song/lede/staging_dir/host --disable-decimal-float --with-diagnostics-color=auto-if-env --enable-__cxa_atexit --enable-libstdcxx-dual-abi --with-default-libstdcxx-abi=new --with-headers=/home/song/lede/staging_dir/toolchain-aarch64_cortex-a53_gcc-11.3.0_musl/include --enable-languages=c,c++ --enable-shared --enable-threads --with-slibdir=/home/song/lede/staging_dir/toolchain-aarch64_cortex-a53_gcc-11.3.0_musl/lib --enable-lto --with-libelf=/home/song/lede/staging_dir/host --disable-libsanitizer
Thread model: posix
Supported LTO compression algorithms: zlib
gcc version 11.3.0 (OpenWrt GCC 11.3.0 r6243-bc4708a64) 
COMPILER_PATH=/home/song/lede/staging_dir/toolchain-aarch64_cortex-a53_gcc-11.3.0_musl/libexec/gcc/aarch64-openwrt-linux-musl/11.3.0/:/home/song/lede/staging_dir/toolchain-aarch64_cortex-a53_gcc-11.3.0_musl/libexec/gcc/aarch64-openwrt-linux-musl/11.3.0/:/home/song/lede/staging_dir/toolchain-aarch64_cortex-a53_gcc-11.3.0_musl/libexec/gcc/aarch64-openwrt-linux-musl/:/home/song/lede/staging_dir/toolchain-aarch64_cortex-a53_gcc-11.3.0_musl/lib/gcc/aarch64-openwrt-linux-musl/11.3.0/:/home/song/lede/staging_dir/toolchain-aarch64_cortex-a53_gcc-11.3.0_musl/lib/gcc/aarch64-openwrt-linux-musl/:/home/song/lede/staging_dir/toolchain-aarch64_cortex-a53_gcc-11.3.0_musl/lib/gcc/aarch64-openwrt-linux-musl/11.3.0/../../../../aarch64-openwrt-linux-musl/bin/
LIBRARY_PATH=/home/song/lede/staging_dir/toolchain-aarch64_cortex-a53_gcc-11.3.0_musl/lib/gcc/aarch64-openwrt-linux-musl/11.3.0/:/home/song/lede/staging_dir/toolchain-aarch64_cortex-a53_gcc-11.3.0_musl/lib/gcc/aarch64-openwrt-linux-musl/11.3.0/../../../../aarch64-openwrt-linux-musl/lib/
COLLECT_GCC_OPTIONS='-Os' '-pipe' '-mcpu=cortex-a53' '-fno-caller-saves' '-fno-plt' '-fhonour-copts' '-fmacro-prefix-map=/home/song/lede/package/UA2F/openwrt/..=..' '-Wformat=1' '-fstack-protector' '-D' '_FORTIFY_SOURCE=1' '-L/home/song/lede/staging_dir/toolchain-aarch64_cortex-a53_gcc-11.3.0_musl/usr/lib' '-L/home/song/lede/staging_dir/toolchain-aarch64_cortex-a53_gcc-11.3.0_musl/lib' '-z' 'now' '-z' 'relro' '-v' '-o' 'cmTC_d8130' '-shared-libgcc' '-mlittle-endian' '-mabi=lp64' '-dumpdir' 'cmTC_d8130.'
 /home/song/lede/staging_dir/toolchain-aarch64_cortex-a53_gcc-11.3.0_musl/libexec/gcc/aarch64-openwrt-linux-musl/11.3.0/collect2 -plugin /home/song/lede/staging_dir/toolchain-aarch64_cortex-a53_gcc-11.3.0_musl/libexec/gcc/aarch64-openwrt-linux-musl/11.3.0/liblto_plugin.so -plugin-opt=/home/song/lede/staging_dir/toolchain-aarch64_cortex-a53_gcc-11.3.0_musl/libexec/gcc/aarch64-openwrt-linux-musl/11.3.0/lto-wrapper -plugin-opt=-fresolution=/home/song/lede/tmp/cc36is7d.res -plugin-opt=-pass-through=-lgcc_s -plugin-opt=-pass-through=-lc -plugin-opt=-pass-through=-lgcc_s --eh-frame-hdr -dynamic-linker /lib/ld-musl-aarch64.so.1 -X -EL -maarch64linux -o cmTC_d8130 -z now -z relro /home/song/lede/staging_dir/toolchain-aarch64_cortex-a53_gcc-11.3.0_musl/lib/gcc/aarch64-openwrt-linux-musl/11.3.0/../../../../aarch64-openwrt-linux-musl/lib/crt1.o /home/song/lede/staging_dir/toolchain-aarch64_cortex-a53_gcc-11.3.0_musl/lib/gcc/aarch64-openwrt-linux-musl/11.3.0/../../../../aarch64-openwrt-linux-musl/lib/crti.o /home/song/lede/staging_dir/toolchain-aarch64_cortex-a53_gcc-11.3.0_musl/lib/gcc/aarch64-openwrt-linux-musl/11.3.0/crtbegin.o -L/home/song/lede/staging_dir/toolchain-aarch64_cortex-a53_gcc-11.3.0_musl/usr/lib -L/home/song/lede/staging_dir/toolchain-aarch64_cortex-a53_gcc-11.3.0_musl/lib -L /home/song/lede/staging_dir/target-aarch64_cortex-a53_musl/usr/lib -rpath-link /home/song/lede/staging_dir/target-aarch64_cortex-a53_musl/usr/lib -L/home/song/lede/staging_dir/toolchain-aarch64_cortex-a53_gcc-11.3.0_musl/lib/gcc/aarch64-openwrt-linux-musl/11.3.0 -L/home/song/lede/staging_dir/toolchain-aarch64_cortex-a53_gcc-11.3.0_musl/lib/gcc/aarch64-openwrt-linux-musl/11.3.0/../../../../aarch64-openwrt-linux-musl/lib -z now -z relro CMakeFiles/cmTC_d8130.dir/CMakeCXXCompilerABI.cpp.o -lstdc++ -lm -lssp_nonshared -lgcc_s -lc -lgcc_s /home/song/lede/staging_dir/toolchain-aarch64_cortex-a53_gcc-11.3.0_musl/lib/gcc/aarch64-openwrt-linux-musl/11.3.0/crtend.o /home/song/lede/staging_dir/toolchain-aarch64_cortex-a53_gcc-11.3.0_musl/lib/gcc/aarch64-openwrt-linux-musl/11.3.0/../../../../aarch64-openwrt-linux-musl/lib/crtn.o
COLLECT_GCC_OPTIONS='-Os' '-pipe' '-mcpu=cortex-a53' '-fno-caller-saves' '-fno-plt' '-fhonour-copts' '-fmacro-prefix-map=/home/song/lede/package/UA2F/openwrt/..=..' '-Wformat=1' '-fstack-protector' '-D' '_FORTIFY_SOURCE=1' '-L/home/song/lede/staging_dir/toolchain-aarch64_cortex-a53_gcc-11.3.0_musl/usr/lib' '-L/home/song/lede/staging_dir/toolchain-aarch64_cortex-a53_gcc-11.3.0_musl/lib' '-z' 'now' '-z' 'relro' '-v' '-o' 'cmTC_d8130' '-shared-libgcc' '-mlittle-endian' '-mabi=lp64' '-dumpdir' 'cmTC_d8130.'



Parsed CXX implicit include dir info from above output: rv=done
  found start of include info
  found start of implicit include info
    add: [/home/song/lede/staging_dir/toolchain-aarch64_cortex-a53_gcc-11.3.0_musl/lib/gcc/aarch64-openwrt-linux-musl/11.3.0/../../../../aarch64-openwrt-linux-musl/include/c++/11.3.0]
    add: [/home/song/lede/staging_dir/toolchain-aarch64_cortex-a53_gcc-11.3.0_musl/lib/gcc/aarch64-openwrt-linux-musl/11.3.0/../../../../aarch64-openwrt-linux-musl/include/c++/11.3.0/aarch64-openwrt-linux-musl]
    add: [/home/song/lede/staging_dir/toolchain-aarch64_cortex-a53_gcc-11.3.0_musl/lib/gcc/aarch64-openwrt-linux-musl/11.3.0/../../../../aarch64-openwrt-linux-musl/include/c++/11.3.0/backward]
    add: [/home/song/lede/staging_dir/toolchain-aarch64_cortex-a53_gcc-11.3.0_musl/lib/gcc/aarch64-openwrt-linux-musl/11.3.0/../../../../aarch64-openwrt-linux-musl/sys-include]
    add: [/home/song/lede/staging_dir/toolchain-aarch64_cortex-a53_gcc-11.3.0_musl/lib/gcc/aarch64-openwrt-linux-musl/11.3.0/../../../../aarch64-openwrt-linux-musl/include]
    add: [/home/song/lede/staging_dir/toolchain-aarch64_cortex-a53_gcc-11.3.0_musl/lib/gcc/aarch64-openwrt-linux-musl/11.3.0/include]
    add: [/home/song/lede/staging_dir/target-aarch64_cortex-a53_musl/usr/include]
  end of search list found
  collapse include dir [/home/song/lede/staging_dir/toolchain-aarch64_cortex-a53_gcc-11.3.0_musl/lib/gcc/aarch64-openwrt-linux-musl/11.3.0/../../../../aarch64-openwrt-linux-musl/include/c++/11.3.0] ==> [/home/song/lede/staging_dir/toolchain-aarch64_cortex-a53_gcc-11.3.0_musl/aarch64-openwrt-linux-musl/include/c++/11.3.0]
  collapse include dir [/home/song/lede/staging_dir/toolchain-aarch64_cortex-a53_gcc-11.3.0_musl/lib/gcc/aarch64-openwrt-linux-musl/11.3.0/../../../../aarch64-openwrt-linux-musl/include/c++/11.3.0/aarch64-openwrt-linux-musl] ==> [/home/song/lede/staging_dir/toolchain-aarch64_cortex-a53_gcc-11.3.0_musl/aarch64-openwrt-linux-musl/include/c++/11.3.0/aarch64-openwrt-linux-musl]
  collapse include dir [/home/song/lede/staging_dir/toolchain-aarch64_cortex-a53_gcc-11.3.0_musl/lib/gcc/aarch64-openwrt-linux-musl/11.3.0/../../../../aarch64-openwrt-linux-musl/include/c++/11.3.0/backward] ==> [/home/song/lede/staging_dir/toolchain-aarch64_cortex-a53_gcc-11.3.0_musl/aarch64-openwrt-linux-musl/include/c++/11.3.0/backward]
  collapse include dir [/home/song/lede/staging_dir/toolchain-aarch64_cortex-a53_gcc-11.3.0_musl/lib/gcc/aarch64-openwrt-linux-musl/11.3.0/../../../../aarch64-openwrt-linux-musl/sys-include] ==> [/home/song/lede/staging_dir/toolchain-aarch64_cortex-a53_gcc-11.3.0_musl/aarch64-openwrt-linux-musl/sys-include]
  collapse include dir [/home/song/lede/staging_dir/toolchain-aarch64_cortex-a53_gcc-11.3.0_musl/lib/gcc/aarch64-openwrt-linux-musl/11.3.0/../../../../aarch64-openwrt-linux-musl/include] ==> [/home/song/lede/staging_dir/toolchain-aarch64_cortex-a53_gcc-11.3.0_musl/aarch64-openwrt-linux-musl/include]
  collapse include dir [/home/song/lede/staging_dir/toolchain-aarch64_cortex-a53_gcc-11.3.0_musl/lib/gcc/aarch64-openwrt-linux-musl/11.3.0/include] ==> [/home/song/lede/staging_dir/toolchain-aarch64_cortex-a53_gcc-11.3.0_musl/lib/gcc/aarch64-openwrt-linux-musl/11.3.0/include]
  collapse include dir [/home/song/lede/staging_dir/target-aarch64_cortex-a53_musl/usr/include] ==> [/home/song/lede/staging_dir/target-aarch64_cortex-a53_musl/usr/include]
  implicit include dirs: [/home/song/lede/staging_dir/toolchain-aarch64_cortex-a53_gcc-11.3.0_musl/aarch64-openwrt-linux-musl/include/c++/11.3.0;/home/song/lede/staging_dir/toolchain-aarch64_cortex-a53_gcc-11.3.0_musl/aarch64-openwrt-linux-musl/include/c++/11.3.0/aarch64-openwrt-linux-musl;/home/song/lede/staging_dir/toolchain-aarch64_cortex-a53_gcc-11.3.0_musl/aarch64-openwrt-linux-musl/include/c++/11.3.0/backward;/home/song/lede/staging_dir/toolchain-aarch64_cortex-a53_gcc-11.3.0_musl/aarch64-openwrt-linux-musl/sys-include;/home/song/lede/staging_dir/toolchain-aarch64_cortex-a53_gcc-11.3.0_musl/aarch64-openwrt-linux-musl/include;/home/song/lede/staging_dir/toolchain-aarch64_cortex-a53_gcc-11.3.0_musl/lib/gcc/aarch64-openwrt-linux-musl/11.3.0/include;/home/song/lede/staging_dir/target-aarch64_cortex-a53_musl/usr/include]


Parsed CXX implicit link information from above output:
  link line regex: [^( *|.*[/\])(aarch64-openwrt-linux-musl-ld|CMAKE_LINK_STARTFILE-NOTFOUND|([^/\]+-)?ld|collect2)[^/\]*( |$)]
  ignore line: [Change Dir: /home/song/lede/package/UA2F/build/CMakeFiles/CMakeScratch/TryCompile-pfbMl7]
  ignore line: []
  ignore line: [Run Build Command(s):/home/song/lede/staging_dir/host/bin/ninja cmTC_d8130 && [1/2] Building CXX object CMakeFiles/cmTC_d8130.dir/CMakeCXXCompilerABI.cpp.o]
  ignore line: [Reading specs from /home/song/lede/staging_dir/toolchain-aarch64_cortex-a53_gcc-11.3.0_musl/lib/gcc/aarch64-openwrt-linux-musl/11.3.0/specs]
  ignore line: [COLLECT_GCC=/home/song/lede/staging_dir/toolchain-aarch64_cortex-a53_gcc-11.3.0_musl/bin/aarch64-openwrt-linux-musl-g++]
  ignore line: [Target: aarch64-openwrt-linux-musl]
  ignore line: [Configured with: /home/song/lede/build_dir/toolchain-aarch64_cortex-a53_gcc-11.3.0_musl/gcc-11.3.0/configure --with-bugurl=http://bugs.openwrt.org/ --with-pkgversion='OpenWrt GCC 11.3.0 r6243-bc4708a64' --prefix=/home/song/lede/staging_dir/toolchain-aarch64_cortex-a53_gcc-11.3.0_musl --build=x86_64-pc-linux-gnu --host=x86_64-pc-linux-gnu --target=aarch64-openwrt-linux-musl --with-gnu-ld --enable-target-optspace --disable-libgomp --disable-libmudflap --disable-multilib --disable-libmpx --disable-nls --disable-libssp --without-isl --without-cloog --with-host-libstdcxx=-lstdc++ --with-gmp=/home/song/lede/staging_dir/host --with-mpfr=/home/song/lede/staging_dir/host --with-mpc=/home/song/lede/staging_dir/host --disable-decimal-float --with-diagnostics-color=auto-if-env --enable-__cxa_atexit --enable-libstdcxx-dual-abi --with-default-libstdcxx-abi=new --with-headers=/home/song/lede/staging_dir/toolchain-aarch64_cortex-a53_gcc-11.3.0_musl/include --enable-languages=c,c++ --enable-shared --enable-threads --with-slibdir=/home/song/lede/staging_dir/toolchain-aarch64_cortex-a53_gcc-11.3.0_musl/lib --enable-lto --with-libelf=/home/song/lede/staging_dir/host --disable-libsanitizer]
  ignore line: [Thread model: posix]
  ignore line: [Supported LTO compression algorithms: zlib]
  ignore line: [gcc version 11.3.0 (OpenWrt GCC 11.3.0 r6243-bc4708a64) ]
  ignore line: [COLLECT_GCC_OPTIONS='-Os' '-pipe' '-mcpu=cortex-a53' '-fno-caller-saves' '-fno-plt' '-fhonour-copts' '-fmacro-prefix-map=/home/song/lede/package/UA2F/openwrt/..=..' '-Wformat=1' '-fstack-protector' '-D' '_FORTIFY_SOURCE=1' '-v' '-o' 'CMakeFiles/cmTC_d8130.dir/CMakeCXXCompilerABI.cpp.o' '-c' '-shared-libgcc' '-mlittle-endian' '-mabi=lp64' '-dumpdir' 'CMakeFiles/cmTC_d8130.dir/']
  ignore line: [ /home/song/lede/staging_dir/toolchain-aarch64_cortex-a53_gcc-11.3.0_musl/libexec/gcc/aarch64-openwrt-linux-musl/11.3.0/cc1plus -quiet -v -D_GNU_SOURCE -idirafter /home/song/lede/staging_dir/target-aarch64_cortex-a53_musl/usr/include -D _FORTIFY_SOURCE=1 /home/song/lede/staging_dir/host/share/cmake-3.25/Modules/CMakeCXXCompilerABI.cpp -quiet -dumpdir CMakeFiles/cmTC_d8130.dir/ -dumpbase CMakeCXXCompilerABI.cpp.cpp -dumpbase-ext .cpp -mcpu=cortex-a53 -mlittle-endian -mabi=lp64 -Os -Wformat=1 -version -fno-caller-saves -fno-plt -fhonour-copts -fmacro-prefix-map=/home/song/lede/package/UA2F/openwrt/..=.. -fstack-protector -o - |]
  ignore line: [ /home/song/lede/staging_dir/toolchain-aarch64_cortex-a53_gcc-11.3.0_musl/lib/gcc/aarch64-openwrt-linux-musl/11.3.0/../../../../aarch64-openwrt-linux-musl/bin/as -v -EL -march=armv8-a+crc -mabi=lp64 -o CMakeFiles/cmTC_d8130.dir/CMakeCXXCompilerABI.cpp.o]
  ignore line: [GNU assembler version 2.37 (aarch64-openwrt-linux-musl) using BFD version (GNU Binutils) 2.37]
  ignore line: [GNU C++17 (OpenWrt GCC 11.3.0 r6243-bc4708a64) version 11.3.0 (aarch64-openwrt-linux-musl)]
  ignore line: [	compiled by GNU C version 7.5.0  GMP version 6.2.1  MPFR version 4.2.0  MPC version 1.3.1  isl version none]
  ignore line: [GGC heuristics: --param ggc-min-expand=100 --param ggc-min-heapsize=131072]
  ignore line: [#include "..." search starts here:]
  ignore line: [#include <...> search starts here:]
  ignore line: [ /home/song/lede/staging_dir/toolchain-aarch64_cortex-a53_gcc-11.3.0_musl/lib/gcc/aarch64-openwrt-linux-musl/11.3.0/../../../../aarch64-openwrt-linux-musl/include/c++/11.3.0]
  ignore line: [ /home/song/lede/staging_dir/toolchain-aarch64_cortex-a53_gcc-11.3.0_musl/lib/gcc/aarch64-openwrt-linux-musl/11.3.0/../../../../aarch64-openwrt-linux-musl/include/c++/11.3.0/aarch64-openwrt-linux-musl]
  ignore line: [ /home/song/lede/staging_dir/toolchain-aarch64_cortex-a53_gcc-11.3.0_musl/lib/gcc/aarch64-openwrt-linux-musl/11.3.0/../../../../aarch64-openwrt-linux-musl/include/c++/11.3.0/backward]
  ignore line: [ /home/song/lede/staging_dir/toolchain-aarch64_cortex-a53_gcc-11.3.0_musl/lib/gcc/aarch64-openwrt-linux-musl/11.3.0/../../../../aarch64-openwrt-linux-musl/sys-include]
  ignore line: [ /home/song/lede/staging_dir/toolchain-aarch64_cortex-a53_gcc-11.3.0_musl/lib/gcc/aarch64-openwrt-linux-musl/11.3.0/../../../../aarch64-openwrt-linux-musl/include]
  ignore line: [ /home/song/lede/staging_dir/toolchain-aarch64_cortex-a53_gcc-11.3.0_musl/lib/gcc/aarch64-openwrt-linux-musl/11.3.0/include]
  ignore line: [ /home/song/lede/staging_dir/target-aarch64_cortex-a53_musl/usr/include]
  ignore line: [End of search list.]
  ignore line: [GNU C++17 (OpenWrt GCC 11.3.0 r6243-bc4708a64) version 11.3.0 (aarch64-openwrt-linux-musl)]
  ignore line: [	compiled by GNU C version 7.5.0  GMP version 6.2.1  MPFR version 4.2.0  MPC version 1.3.1  isl version none]
  ignore line: [GGC heuristics: --param ggc-min-expand=100 --param ggc-min-heapsize=131072]
  ignore line: [Compiler executable checksum: 633ded2f5f9f080f29a966ae3a218d96]
  ignore line: [COMPILER_PATH=/home/song/lede/staging_dir/toolchain-aarch64_cortex-a53_gcc-11.3.0_musl/libexec/gcc/aarch64-openwrt-linux-musl/11.3.0/:/home/song/lede/staging_dir/toolchain-aarch64_cortex-a53_gcc-11.3.0_musl/libexec/gcc/aarch64-openwrt-linux-musl/11.3.0/:/home/song/lede/staging_dir/toolchain-aarch64_cortex-a53_gcc-11.3.0_musl/libexec/gcc/aarch64-openwrt-linux-musl/:/home/song/lede/staging_dir/toolchain-aarch64_cortex-a53_gcc-11.3.0_musl/lib/gcc/aarch64-openwrt-linux-musl/11.3.0/:/home/song/lede/staging_dir/toolchain-aarch64_cortex-a53_gcc-11.3.0_musl/lib/gcc/aarch64-openwrt-linux-musl/:/home/song/lede/staging_dir/toolchain-aarch64_cortex-a53_gcc-11.3.0_musl/lib/gcc/aarch64-openwrt-linux-musl/11.3.0/../../../../aarch64-openwrt-linux-musl/bin/]
  ignore line: [LIBRARY_PATH=/home/song/lede/staging_dir/toolchain-aarch64_cortex-a53_gcc-11.3.0_musl/lib/gcc/aarch64-openwrt-linux-musl/11.3.0/:/home/song/lede/staging_dir/toolchain-aarch64_cortex-a53_gcc-11.3.0_musl/lib/gcc/aarch64-openwrt-linux-musl/11.3.0/../../../../aarch64-openwrt-linux-musl/lib/]
  ignore line: [COLLECT_GCC_OPTIONS='-Os' '-pipe' '-mcpu=cortex-a53' '-fno-caller-saves' '-fno-plt' '-fhonour-copts' '-fmacro-prefix-map=/home/song/lede/package/UA2F/openwrt/..=..' '-Wformat=1' '-fstack-protector' '-D' '_FORTIFY_SOURCE=1' '-v' '-o' 'CMakeFiles/cmTC_d8130.dir/CMakeCXXCompilerABI.cpp.o' '-c' '-shared-libgcc' '-mlittle-endian' '-mabi=lp64' '-dumpdir' 'CMakeFiles/cmTC_d8130.dir/CMakeCXXCompilerABI.cpp.']
  ignore line: [[2/2] Linking CXX executable cmTC_d8130]
  ignore line: [Reading specs from /home/song/lede/staging_dir/toolchain-aarch64_cortex-a53_gcc-11.3.0_musl/lib/gcc/aarch64-openwrt-linux-musl/11.3.0/specs]
  ignore line: [COLLECT_GCC=/home/song/lede/staging_dir/toolchain-aarch64_cortex-a53_gcc-11.3.0_musl/bin/aarch64-openwrt-linux-musl-g++]
  ignore line: [COLLECT_LTO_WRAPPER=/home/song/lede/staging_dir/toolchain-aarch64_cortex-a53_gcc-11.3.0_musl/libexec/gcc/aarch64-openwrt-linux-musl/11.3.0/lto-wrapper]
  ignore line: [Target: aarch64-openwrt-linux-musl]
  ignore line: [Configured with: /home/song/lede/build_dir/toolchain-aarch64_cortex-a53_gcc-11.3.0_musl/gcc-11.3.0/configure --with-bugurl=http://bugs.openwrt.org/ --with-pkgversion='OpenWrt GCC 11.3.0 r6243-bc4708a64' --prefix=/home/song/lede/staging_dir/toolchain-aarch64_cortex-a53_gcc-11.3.0_musl --build=x86_64-pc-linux-gnu --host=x86_64-pc-linux-gnu --target=aarch64-openwrt-linux-musl --with-gnu-ld --enable-target-optspace --disable-libgomp --disable-libmudflap --disable-multilib --disable-libmpx --disable-nls --disable-libssp --without-isl --without-cloog --with-host-libstdcxx=-lstdc++ --with-gmp=/home/song/lede/staging_dir/host --with-mpfr=/home/song/lede/staging_dir/host --with-mpc=/home/song/lede/staging_dir/host --disable-decimal-float --with-diagnostics-color=auto-if-env --enable-__cxa_atexit --enable-libstdcxx-dual-abi --with-default-libstdcxx-abi=new --with-headers=/home/song/lede/staging_dir/toolchain-aarch64_cortex-a53_gcc-11.3.0_musl/include --enable-languages=c,c++ --enable-shared --enable-threads --with-slibdir=/home/song/lede/staging_dir/toolchain-aarch64_cortex-a53_gcc-11.3.0_musl/lib --enable-lto --with-libelf=/home/song/lede/staging_dir/host --disable-libsanitizer]
  ignore line: [Thread model: posix]
  ignore line: [Supported LTO compression algorithms: zlib]
  ignore line: [gcc version 11.3.0 (OpenWrt GCC 11.3.0 r6243-bc4708a64) ]
  ignore line: [COMPILER_PATH=/home/song/lede/staging_dir/toolchain-aarch64_cortex-a53_gcc-11.3.0_musl/libexec/gcc/aarch64-openwrt-linux-musl/11.3.0/:/home/song/lede/staging_dir/toolchain-aarch64_cortex-a53_gcc-11.3.0_musl/libexec/gcc/aarch64-openwrt-linux-musl/11.3.0/:/home/song/lede/staging_dir/toolchain-aarch64_cortex-a53_gcc-11.3.0_musl/libexec/gcc/aarch64-openwrt-linux-musl/:/home/song/lede/staging_dir/toolchain-aarch64_cortex-a53_gcc-11.3.0_musl/lib/gcc/aarch64-openwrt-linux-musl/11.3.0/:/home/song/lede/staging_dir/toolchain-aarch64_cortex-a53_gcc-11.3.0_musl/lib/gcc/aarch64-openwrt-linux-musl/:/home/song/lede/staging_dir/toolchain-aarch64_cortex-a53_gcc-11.3.0_musl/lib/gcc/aarch64-openwrt-linux-musl/11.3.0/../../../../aarch64-openwrt-linux-musl/bin/]
  ignore line: [LIBRARY_PATH=/home/song/lede/staging_dir/toolchain-aarch64_cortex-a53_gcc-11.3.0_musl/lib/gcc/aarch64-openwrt-linux-musl/11.3.0/:/home/song/lede/staging_dir/toolchain-aarch64_cortex-a53_gcc-11.3.0_musl/lib/gcc/aarch64-openwrt-linux-musl/11.3.0/../../../../aarch64-openwrt-linux-musl/lib/]
  ignore line: [COLLECT_GCC_OPTIONS='-Os' '-pipe' '-mcpu=cortex-a53' '-fno-caller-saves' '-fno-plt' '-fhonour-copts' '-fmacro-prefix-map=/home/song/lede/package/UA2F/openwrt/..=..' '-Wformat=1' '-fstack-protector' '-D' '_FORTIFY_SOURCE=1' '-L/home/song/lede/staging_dir/toolchain-aarch64_cortex-a53_gcc-11.3.0_musl/usr/lib' '-L/home/song/lede/staging_dir/toolchain-aarch64_cortex-a53_gcc-11.3.0_musl/lib' '-z' 'now' '-z' 'relro' '-v' '-o' 'cmTC_d8130' '-shared-libgcc' '-mlittle-endian' '-mabi=lp64' '-dumpdir' 'cmTC_d8130.']
  link line: [ /home/song/lede/staging_dir/toolchain-aarch64_cortex-a53_gcc-11.3.0_musl/libexec/gcc/aarch64-openwrt-linux-musl/11.3.0/collect2 -plugin /home/song/lede/staging_dir/toolchain-aarch64_cortex-a53_gcc-11.3.0_musl/libexec/gcc/aarch64-openwrt-linux-musl/11.3.0/liblto_plugin.so -plugin-opt=/home/song/lede/staging_dir/toolchain-aarch64_cortex-a53_gcc-11.3.0_musl/libexec/gcc/aarch64-openwrt-linux-musl/11.3.0/lto-wrapper -plugin-opt=-fresolution=/home/song/lede/tmp/cc36is7d.res -plugin-opt=-pass-through=-lgcc_s -plugin-opt=-pass-through=-lc -plugin-opt=-pass-through=-lgcc_s --eh-frame-hdr -dynamic-linker /lib/ld-musl-aarch64.so.1 -X -EL -maarch64linux -o cmTC_d8130 -z now -z relro /home/song/lede/staging_dir/toolchain-aarch64_cortex-a53_gcc-11.3.0_musl/lib/gcc/aarch64-openwrt-linux-musl/11.3.0/../../../../aarch64-openwrt-linux-musl/lib/crt1.o /home/song/lede/staging_dir/toolchain-aarch64_cortex-a53_gcc-11.3.0_musl/lib/gcc/aarch64-openwrt-linux-musl/11.3.0/../../../../aarch64-openwrt-linux-musl/lib/crti.o /home/song/lede/staging_dir/toolchain-aarch64_cortex-a53_gcc-11.3.0_musl/lib/gcc/aarch64-openwrt-linux-musl/11.3.0/crtbegin.o -L/home/song/lede/staging_dir/toolchain-aarch64_cortex-a53_gcc-11.3.0_musl/usr/lib -L/home/song/lede/staging_dir/toolchain-aarch64_cortex-a53_gcc-11.3.0_musl/lib -L /home/song/lede/staging_dir/target-aarch64_cortex-a53_musl/usr/lib -rpath-link /home/song/lede/staging_dir/target-aarch64_cortex-a53_musl/usr/lib -L/home/song/lede/staging_dir/toolchain-aarch64_cortex-a53_gcc-11.3.0_musl/lib/gcc/aarch64-openwrt-linux-musl/11.3.0 -L/home/song/lede/staging_dir/toolchain-aarch64_cortex-a53_gcc-11.3.0_musl/lib/gcc/aarch64-openwrt-linux-musl/11.3.0/../../../../aarch64-openwrt-linux-musl/lib -z now -z relro CMakeFiles/cmTC_d8130.dir/CMakeCXXCompilerABI.cpp.o -lstdc++ -lm -lssp_nonshared -lgcc_s -lc -lgcc_s /home/song/lede/staging_dir/toolchain-aarch64_cortex-a53_gcc-11.3.0_musl/lib/gcc/aarch64-openwrt-linux-musl/11.3.0/crtend.o /home/song/lede/staging_dir/toolchain-aarch64_cortex-a53_gcc-11.3.0_musl/lib/gcc/aarch64-openwrt-linux-musl/11.3.0/../../../../aarch64-openwrt-linux-musl/lib/crtn.o]
    arg [/home/song/lede/staging_dir/toolchain-aarch64_cortex-a53_gcc-11.3.0_musl/libexec/gcc/aarch64-openwrt-linux-musl/11.3.0/collect2] ==> ignore
    arg [-plugin] ==> ignore
    arg [/home/song/lede/staging_dir/toolchain-aarch64_cortex-a53_gcc-11.3.0_musl/libexec/gcc/aarch64-openwrt-linux-musl/11.3.0/liblto_plugin.so] ==> ignore
    arg [-plugin-opt=/home/song/lede/staging_dir/toolchain-aarch64_cortex-a53_gcc-11.3.0_musl/libexec/gcc/aarch64-openwrt-linux-musl/11.3.0/lto-wrapper] ==> ignore
    arg [-plugin-opt=-fresolution=/home/song/lede/tmp/cc36is7d.res] ==> ignore
    arg [-plugin-opt=-pass-through=-lgcc_s] ==> ignore
    arg [-plugin-opt=-pass-through=-lc] ==> ignore
    arg [-plugin-opt=-pass-through=-lgcc_s] ==> ignore
    arg [--eh-frame-hdr] ==> ignore
    arg [-dynamic-linker] ==> ignore
    arg [/lib/ld-musl-aarch64.so.1] ==> ignore
    arg [-X] ==> ignore
    arg [-EL] ==> ignore
    arg [-maarch64linux] ==> ignore
    arg [-o] ==> ignore
    arg [cmTC_d8130] ==> ignore
    arg [-znow] ==> ignore
    arg [-zrelro] ==> ignore
    arg [/home/song/lede/staging_dir/toolchain-aarch64_cortex-a53_gcc-11.3.0_musl/lib/gcc/aarch64-openwrt-linux-musl/11.3.0/../../../../aarch64-openwrt-linux-musl/lib/crt1.o] ==> obj [/home/song/lede/staging_dir/toolchain-aarch64_cortex-a53_gcc-11.3.0_musl/lib/gcc/aarch64-openwrt-linux-musl/11.3.0/../../../../aarch64-openwrt-linux-musl/lib/crt1.o]
    arg [/home/song/lede/staging_dir/toolchain-aarch64_cortex-a53_gcc-11.3.0_musl/lib/gcc/aarch64-openwrt-linux-musl/11.3.0/../../../../aarch64-openwrt-linux-musl/lib/crti.o] ==> obj [/home/song/lede/staging_dir/toolchain-aarch64_cortex-a53_gcc-11.3.0_musl/lib/gcc/aarch64-openwrt-linux-musl/11.3.0/../../../../aarch64-openwrt-linux-musl/lib/crti.o]
    arg [/home/song/lede/staging_dir/toolchain-aarch64_cortex-a53_gcc-11.3.0_musl/lib/gcc/aarch64-openwrt-linux-musl/11.3.0/crtbegin.o] ==> obj [/home/song/lede/staging_dir/toolchain-aarch64_cortex-a53_gcc-11.3.0_musl/lib/gcc/aarch64-openwrt-linux-musl/11.3.0/crtbegin.o]
    arg [-L/home/song/lede/staging_dir/toolchain-aarch64_cortex-a53_gcc-11.3.0_musl/usr/lib] ==> dir [/home/song/lede/staging_dir/toolchain-aarch64_cortex-a53_gcc-11.3.0_musl/usr/lib]
    arg [-L/home/song/lede/staging_dir/toolchain-aarch64_cortex-a53_gcc-11.3.0_musl/lib] ==> dir [/home/song/lede/staging_dir/toolchain-aarch64_cortex-a53_gcc-11.3.0_musl/lib]
    arg [-L/home/song/lede/staging_dir/target-aarch64_cortex-a53_musl/usr/lib] ==> dir [/home/song/lede/staging_dir/target-aarch64_cortex-a53_musl/usr/lib]
    arg [-rpath-link] ==> ignore
    arg [/home/song/lede/staging_dir/target-aarch64_cortex-a53_musl/usr/lib] ==> ignore
    arg [-L/home/song/lede/staging_dir/toolchain-aarch64_cortex-a53_gcc-11.3.0_musl/lib/gcc/aarch64-openwrt-linux-musl/11.3.0] ==> dir [/home/song/lede/staging_dir/toolchain-aarch64_cortex-a53_gcc-11.3.0_musl/lib/gcc/aarch64-openwrt-linux-musl/11.3.0]
    arg [-L/home/song/lede/staging_dir/toolchain-aarch64_cortex-a53_gcc-11.3.0_musl/lib/gcc/aarch64-openwrt-linux-musl/11.3.0/../../../../aarch64-openwrt-linux-musl/lib] ==> dir [/home/song/lede/staging_dir/toolchain-aarch64_cortex-a53_gcc-11.3.0_musl/lib/gcc/aarch64-openwrt-linux-musl/11.3.0/../../../../aarch64-openwrt-linux-musl/lib]
    arg [-znow] ==> ignore
    arg [-zrelro] ==> ignore
    arg [CMakeFiles/cmTC_d8130.dir/CMakeCXXCompilerABI.cpp.o] ==> ignore
    arg [-lstdc++] ==> lib [stdc++]
    arg [-lm] ==> lib [m]
    arg [-lssp_nonshared] ==> lib [ssp_nonshared]
    arg [-lgcc_s] ==> lib [gcc_s]
    arg [-lc] ==> lib [c]
    arg [-lgcc_s] ==> lib [gcc_s]
    arg [/home/song/lede/staging_dir/toolchain-aarch64_cortex-a53_gcc-11.3.0_musl/lib/gcc/aarch64-openwrt-linux-musl/11.3.0/crtend.o] ==> obj [/home/song/lede/staging_dir/toolchain-aarch64_cortex-a53_gcc-11.3.0_musl/lib/gcc/aarch64-openwrt-linux-musl/11.3.0/crtend.o]
    arg [/home/song/lede/staging_dir/toolchain-aarch64_cortex-a53_gcc-11.3.0_musl/lib/gcc/aarch64-openwrt-linux-musl/11.3.0/../../../../aarch64-openwrt-linux-musl/lib/crtn.o] ==> obj [/home/song/lede/staging_dir/toolchain-aarch64_cortex-a53_gcc-11.3.0_musl/lib/gcc/aarch64-openwrt-linux-musl/11.3.0/../../../../aarch64-openwrt-linux-musl/lib/crtn.o]
  collapse obj [/home/song/lede/staging_dir/toolchain-aarch64_cortex-a53_gcc-11.3.0_musl/lib/gcc/aarch64-openwrt-linux-musl/11.3.0/../../../../aarch64-openwrt-linux-musl/lib/crt1.o] ==> [/home/song/lede/staging_dir/toolchain-aarch64_cortex-a53_gcc-11.3.0_musl/aarch64-openwrt-linux-musl/lib/crt1.o]
  collapse obj [/home/song/lede/staging_dir/toolchain-aarch64_cortex-a53_gcc-11.3.0_musl/lib/gcc/aarch64-openwrt-linux-musl/11.3.0/../../../../aarch64-openwrt-linux-musl/lib/crti.o] ==> [/home/song/lede/staging_dir/toolchain-aarch64_cortex-a53_gcc-11.3.0_musl/aarch64-openwrt-linux-musl/lib/crti.o]
  collapse obj [/home/song/lede/staging_dir/toolchain-aarch64_cortex-a53_gcc-11.3.0_musl/lib/gcc/aarch64-openwrt-linux-musl/11.3.0/../../../../aarch64-openwrt-linux-musl/lib/crtn.o] ==> [/home/song/lede/staging_dir/toolchain-aarch64_cortex-a53_gcc-11.3.0_musl/aarch64-openwrt-linux-musl/lib/crtn.o]
  collapse library dir [/home/song/lede/staging_dir/toolchain-aarch64_cortex-a53_gcc-11.3.0_musl/usr/lib] ==> [/home/song/lede/staging_dir/toolchain-aarch64_cortex-a53_gcc-11.3.0_musl/usr/lib]
  collapse library dir [/home/song/lede/staging_dir/toolchain-aarch64_cortex-a53_gcc-11.3.0_musl/lib] ==> [/home/song/lede/staging_dir/toolchain-aarch64_cortex-a53_gcc-11.3.0_musl/lib]
  collapse library dir [/home/song/lede/staging_dir/target-aarch64_cortex-a53_musl/usr/lib] ==> [/home/song/lede/staging_dir/target-aarch64_cortex-a53_musl/usr/lib]
  collapse library dir [/home/song/lede/staging_dir/toolchain-aarch64_cortex-a53_gcc-11.3.0_musl/lib/gcc/aarch64-openwrt-linux-musl/11.3.0] ==> [/home/song/lede/staging_dir/toolchain-aarch64_cortex-a53_gcc-11.3.0_musl/lib/gcc/aarch64-openwrt-linux-musl/11.3.0]
  collapse library dir [/home/song/lede/staging_dir/toolchain-aarch64_cortex-a53_gcc-11.3.0_musl/lib/gcc/aarch64-openwrt-linux-musl/11.3.0/../../../../aarch64-openwrt-linux-musl/lib] ==> [/home/song/lede/staging_dir/toolchain-aarch64_cortex-a53_gcc-11.3.0_musl/aarch64-openwrt-linux-musl/lib]
  implicit libs: [stdc++;m;ssp_nonshared;gcc_s;c;gcc_s]
  implicit objs: [/home/song/lede/staging_dir/toolchain-aarch64_cortex-a53_gcc-11.3.0_musl/aarch64-openwrt-linux-musl/lib/crt1.o;/home/song/lede/staging_dir/toolchain-aarch64_cortex-a53_gcc-11.3.0_musl/aarch64-openwrt-linux-musl/lib/crti.o;/home/song/lede/staging_dir/toolchain-aarch64_cortex-a53_gcc-11.3.0_musl/lib/gcc/aarch64-openwrt-linux-musl/11.3.0/crtbegin.o;/home/song/lede/staging_dir/toolchain-aarch64_cortex-a53_gcc-11.3.0_musl/lib/gcc/aarch64-openwrt-linux-musl/11.3.0/crtend.o;/home/song/lede/staging_dir/toolchain-aarch64_cortex-a53_gcc-11.3.0_musl/aarch64-openwrt-linux-musl/lib/crtn.o]
  implicit dirs: [/home/song/lede/staging_dir/toolchain-aarch64_cortex-a53_gcc-11.3.0_musl/usr/lib;/home/song/lede/staging_dir/toolchain-aarch64_cortex-a53_gcc-11.3.0_musl/lib;/home/song/lede/staging_dir/target-aarch64_cortex-a53_musl/usr/lib;/home/song/lede/staging_dir/toolchain-aarch64_cortex-a53_gcc-11.3.0_musl/lib/gcc/aarch64-openwrt-linux-musl/11.3.0;/home/song/lede/staging_dir/toolchain-aarch64_cortex-a53_gcc-11.3.0_musl/aarch64-openwrt-linux-musl/lib]
  implicit fwks: []


